2020-02-17 11:30:57 [restartedMain] INFO  jp.co.nttdmse.DemoApplication        : Starting DemoApplication on P0895 with PID 8184 (started by sise in C:\sise\NTTTデータMSE\doc\AP基盤要件定義\AP基盤要件定義\11_サンプルソース\sample-app)
2020-02-17 11:30:57 [restartedMain] INFO  jp.co.nttdmse.DemoApplication        : The following profiles are active: postgres-local
2020-02-17 11:30:57 [restartedMain] INFO  o.s.b.d.restart.ChangeableUrls       : The Class-Path manifest attribute in C:\Users\sise\.gradle\caches\modules-2\files-2.1\org.glassfish.jaxb\jaxb-runtime\2.3.0\c50f1a599ff0fcf3944e7467cf3cfae1374f4fd6\jaxb-runtime-2.3.0.jar referenced one or more files that do not exist: file:/C:/Users/sise/.gradle/caches/modules-2/files-2.1/org.glassfish.jaxb/jaxb-runtime/2.3.0/c50f1a599ff0fcf3944e7467cf3cfae1374f4fd6/jaxb-core-2.3.0.jar,file:/C:/Users/sise/.gradle/caches/modules-2/files-2.1/org.glassfish.jaxb/jaxb-runtime/2.3.0/c50f1a599ff0fcf3944e7467cf3cfae1374f4fd6/jaxb-api-2.3.0.jar,file:/C:/Users/sise/.gradle/caches/modules-2/files-2.1/org.glassfish.jaxb/jaxb-runtime/2.3.0/c50f1a599ff0fcf3944e7467cf3cfae1374f4fd6/txw2-2.3.0.jar,file:/C:/Users/sise/.gradle/caches/modules-2/files-2.1/org.glassfish.jaxb/jaxb-runtime/2.3.0/c50f1a599ff0fcf3944e7467cf3cfae1374f4fd6/istack-commons-runtime-3.0.5.jar,file:/C:/Users/sise/.gradle/caches/modules-2/files-2.1/org.glassfish.jaxb/jaxb-runtime/2.3.0/c50f1a599ff0fcf3944e7467cf3cfae1374f4fd6/stax-ex-1.7.8.jar,file:/C:/Users/sise/.gradle/caches/modules-2/files-2.1/org.glassfish.jaxb/jaxb-runtime/2.3.0/c50f1a599ff0fcf3944e7467cf3cfae1374f4fd6/FastInfoset-1.2.13.jar
2020-02-17 11:30:57 [restartedMain] INFO  o.s.b.d.restart.ChangeableUrls       : The Class-Path manifest attribute in C:\Users\sise\.gradle\caches\modules-2\files-2.1\org.glassfish.jaxb\jaxb-core\2.3.0\b40bc6ae4bc14480204e143377ce6f75ebba5066\jaxb-core-2.3.0.jar referenced one or more files that do not exist: file:/C:/Users/sise/.gradle/caches/modules-2/files-2.1/org.glassfish.jaxb/jaxb-core/2.3.0/b40bc6ae4bc14480204e143377ce6f75ebba5066/jaxb-api-2.3.0.jar,file:/C:/Users/sise/.gradle/caches/modules-2/files-2.1/org.glassfish.jaxb/jaxb-core/2.3.0/b40bc6ae4bc14480204e143377ce6f75ebba5066/txw2-2.3.0.jar,file:/C:/Users/sise/.gradle/caches/modules-2/files-2.1/org.glassfish.jaxb/jaxb-core/2.3.0/b40bc6ae4bc14480204e143377ce6f75ebba5066/istack-commons-runtime-3.0.5.jar
2020-02-17 11:30:57 [restartedMain] INFO  o.s.b.d.e.DevToolsPropertyDefaultsPostProcessor : Devtools property defaults active! Set 'spring.devtools.add-properties' to 'false' to disable
2020-02-17 11:30:57 [restartedMain] INFO  o.s.b.d.e.DevToolsPropertyDefaultsPostProcessor : For additional web related logging consider setting the 'logging.level.web' property to 'DEBUG'
2020-02-17 11:30:59 [restartedMain] INFO  o.s.b.w.e.tomcat.TomcatWebServer     : Tomcat initialized with port(s): 8080 (http)
2020-02-17 11:30:59 [restartedMain] INFO  o.a.coyote.http11.Http11NioProtocol  : Initializing ProtocolHandler ["http-nio-8080"]
2020-02-17 11:30:59 [restartedMain] INFO  o.a.catalina.core.StandardService    : Starting service [Tomcat]
2020-02-17 11:30:59 [restartedMain] INFO  o.a.catalina.core.StandardEngine     : Starting Servlet engine: [Apache Tomcat/9.0.29]
2020-02-17 11:30:59 [restartedMain] INFO  o.a.c.c.C.[Tomcat].[localhost].[/]   : Initializing Spring embedded WebApplicationContext
2020-02-17 11:30:59 [restartedMain] INFO  o.s.web.context.ContextLoader        : Root WebApplicationContext: initialization completed in 1472 ms
2020-02-17 11:30:59 [restartedMain] INFO  com.zaxxer.hikari.HikariDataSource   : HikariPool-1 - Starting...
2020-02-17 11:30:59 [restartedMain] INFO  com.zaxxer.hikari.HikariDataSource   : HikariPool-1 - Start completed.
2020-02-17 11:30:59 [restartedMain] INFO  o.s.b.a.h.H2ConsoleAutoConfiguration : H2 console available at '/h2-console'. Database available at 'jdbc:postgresql://localhost:5432/sample_employee_info'
2020-02-17 11:30:59 [restartedMain] INFO  c.g.d.core.DozerBeanMapperBuilder    : Initializing Dozer. Version: 6.5.0, Thread Name: restartedMain
2020-02-17 11:30:59 [restartedMain] INFO  c.g.d.core.util.RuntimeUtils         : OSGi support is false
2020-02-17 11:30:59 [restartedMain] INFO  c.g.d.c.c.r.LegacyPropertiesSettingsResolver : Trying to find Dozer configuration file: dozer.properties
2020-02-17 11:30:59 [restartedMain] INFO  c.g.d.c.c.r.LegacyPropertiesSettingsResolver : Failed to find dozer.properties via com.github.dozermapper.core.config.resolvers.LegacyPropertiesSettingsResolver.
2020-02-17 11:30:59 [restartedMain] WARN  c.g.d.core.el.ELExpressionFactory    : javax.el is not supported; Failed to resolve ExpressionFactory, com.sun.el.ExpressionFactoryImpl
2020-02-17 11:30:59 [restartedMain] INFO  c.g.d.c.b.xml.BeanMappingXMLBuilder  : Using URL [file:/C:/sise/NTTTデータMSE/doc/AP基盤要件定義/AP基盤要件定義/11_サンプルソース/sample-app/bin/main/META-INF/dozer/configuration.dozer.xml] to load custom xml mappings
2020-02-17 11:31:00 [restartedMain] INFO  c.g.d.c.b.x.SchemaLSResourceResolver : Trying to resolve XML entity with public ID [null] and system ID [https://dozermapper.github.io/schema/bean-mapping.xsd]
2020-02-17 11:31:00 [restartedMain] INFO  c.g.d.c.b.x.SchemaLSResourceResolver : Resolved public ID [null] and system ID [https://dozermapper.github.io/schema/bean-mapping.xsd]
2020-02-17 11:31:00 [restartedMain] INFO  c.g.d.c.b.xml.BeanMappingXMLBuilder  : Successfully loaded custom xml mapping.
2020-02-17 11:31:00 [restartedMain] INFO  o.s.s.c.ThreadPoolTaskExecutor       : Initializing ExecutorService 'applicationTaskExecutor'
2020-02-17 11:31:00 [restartedMain] WARN  o.s.b.d.a.OptionalLiveReloadServer   : Unable to start LiveReload server
2020-02-17 11:31:00 [restartedMain] INFO  o.a.coyote.http11.Http11NioProtocol  : Starting ProtocolHandler ["http-nio-8080"]
2020-02-17 11:31:00 [restartedMain] INFO  o.a.coyote.http11.Http11NioProtocol  : Pausing ProtocolHandler ["http-nio-8080"]
2020-02-17 11:31:00 [restartedMain] INFO  o.a.catalina.core.StandardService    : Stopping service [Tomcat]
2020-02-17 11:31:00 [restartedMain] WARN  o.a.c.loader.WebappClassLoaderBase   : The web application [ROOT] appears to have started a thread named [HikariPool-1 housekeeper] but has failed to stop it. This is very likely to create a memory leak. Stack trace of thread:
 java.base@11.0.5/jdk.internal.misc.Unsafe.park(Native Method)
 java.base@11.0.5/java.util.concurrent.locks.LockSupport.parkNanos(LockSupport.java:234)
 java.base@11.0.5/java.util.concurrent.locks.AbstractQueuedSynchronizer$ConditionObject.awaitNanos(AbstractQueuedSynchronizer.java:2123)
 java.base@11.0.5/java.util.concurrent.ScheduledThreadPoolExecutor$DelayedWorkQueue.take(ScheduledThreadPoolExecutor.java:1182)
 java.base@11.0.5/java.util.concurrent.ScheduledThreadPoolExecutor$DelayedWorkQueue.take(ScheduledThreadPoolExecutor.java:899)
 java.base@11.0.5/java.util.concurrent.ThreadPoolExecutor.getTask(ThreadPoolExecutor.java:1054)
 java.base@11.0.5/java.util.concurrent.ThreadPoolExecutor.runWorker(ThreadPoolExecutor.java:1114)
 java.base@11.0.5/java.util.concurrent.ThreadPoolExecutor$Worker.run(ThreadPoolExecutor.java:628)
 java.base@11.0.5/java.lang.Thread.run(Thread.java:834)
2020-02-17 11:31:00 [restartedMain] WARN  o.a.c.loader.WebappClassLoaderBase   : The web application [ROOT] appears to have started a thread named [HikariPool-1 connection adder] but has failed to stop it. This is very likely to create a memory leak. Stack trace of thread:
 java.base@11.0.5/jdk.internal.misc.Unsafe.park(Native Method)
 java.base@11.0.5/java.util.concurrent.locks.LockSupport.parkNanos(LockSupport.java:234)
 java.base@11.0.5/java.util.concurrent.locks.AbstractQueuedSynchronizer$ConditionObject.awaitNanos(AbstractQueuedSynchronizer.java:2123)
 java.base@11.0.5/java.util.concurrent.LinkedBlockingQueue.poll(LinkedBlockingQueue.java:458)
 java.base@11.0.5/java.util.concurrent.ThreadPoolExecutor.getTask(ThreadPoolExecutor.java:1053)
 java.base@11.0.5/java.util.concurrent.ThreadPoolExecutor.runWorker(ThreadPoolExecutor.java:1114)
 java.base@11.0.5/java.util.concurrent.ThreadPoolExecutor$Worker.run(ThreadPoolExecutor.java:628)
 java.base@11.0.5/java.lang.Thread.run(Thread.java:834)
2020-02-17 11:31:00 [restartedMain] INFO  o.a.coyote.http11.Http11NioProtocol  : Stopping ProtocolHandler ["http-nio-8080"]
2020-02-17 11:31:00 [restartedMain] INFO  o.a.coyote.http11.Http11NioProtocol  : Destroying ProtocolHandler ["http-nio-8080"]
2020-02-17 11:31:00 [restartedMain] INFO  o.s.b.a.l.ConditionEvaluationReportLoggingListener : 

Error starting ApplicationContext. To display the conditions report re-run your application with 'debug' enabled.
2020-02-17 11:31:00 [restartedMain] ERROR o.s.b.d.LoggingFailureAnalysisReporter : 

***************************
APPLICATION FAILED TO START
***************************

Description:

Web server failed to start. Port 8080 was already in use.

Action:

Identify and stop the process that's listening on port 8080 or configure this application to listen on another port.

2020-02-17 11:31:00 [restartedMain] INFO  o.s.s.c.ThreadPoolTaskExecutor       : Shutting down ExecutorService 'applicationTaskExecutor'
2020-02-17 11:31:00 [restartedMain] INFO  com.zaxxer.hikari.HikariDataSource   : HikariPool-1 - Shutdown initiated...
2020-02-17 11:31:00 [restartedMain] INFO  com.zaxxer.hikari.HikariDataSource   : HikariPool-1 - Shutdown completed.
2020-02-17 11:34:46 [restartedMain] INFO  jp.co.nttdmse.DemoApplication        : Starting DemoApplication on P0895 with PID 2956 (started by sise in C:\sise\NTTTデータMSE\doc\AP基盤要件定義\AP基盤要件定義\11_サンプルソース\sample-app)
2020-02-17 11:34:46 [restartedMain] INFO  jp.co.nttdmse.DemoApplication        : The following profiles are active: postgres-local
2020-02-17 11:34:46 [restartedMain] INFO  o.s.b.d.restart.ChangeableUrls       : The Class-Path manifest attribute in C:\Users\sise\.gradle\caches\modules-2\files-2.1\org.glassfish.jaxb\jaxb-runtime\2.3.0\c50f1a599ff0fcf3944e7467cf3cfae1374f4fd6\jaxb-runtime-2.3.0.jar referenced one or more files that do not exist: file:/C:/Users/sise/.gradle/caches/modules-2/files-2.1/org.glassfish.jaxb/jaxb-runtime/2.3.0/c50f1a599ff0fcf3944e7467cf3cfae1374f4fd6/jaxb-core-2.3.0.jar,file:/C:/Users/sise/.gradle/caches/modules-2/files-2.1/org.glassfish.jaxb/jaxb-runtime/2.3.0/c50f1a599ff0fcf3944e7467cf3cfae1374f4fd6/jaxb-api-2.3.0.jar,file:/C:/Users/sise/.gradle/caches/modules-2/files-2.1/org.glassfish.jaxb/jaxb-runtime/2.3.0/c50f1a599ff0fcf3944e7467cf3cfae1374f4fd6/txw2-2.3.0.jar,file:/C:/Users/sise/.gradle/caches/modules-2/files-2.1/org.glassfish.jaxb/jaxb-runtime/2.3.0/c50f1a599ff0fcf3944e7467cf3cfae1374f4fd6/istack-commons-runtime-3.0.5.jar,file:/C:/Users/sise/.gradle/caches/modules-2/files-2.1/org.glassfish.jaxb/jaxb-runtime/2.3.0/c50f1a599ff0fcf3944e7467cf3cfae1374f4fd6/stax-ex-1.7.8.jar,file:/C:/Users/sise/.gradle/caches/modules-2/files-2.1/org.glassfish.jaxb/jaxb-runtime/2.3.0/c50f1a599ff0fcf3944e7467cf3cfae1374f4fd6/FastInfoset-1.2.13.jar
2020-02-17 11:34:46 [restartedMain] INFO  o.s.b.d.restart.ChangeableUrls       : The Class-Path manifest attribute in C:\Users\sise\.gradle\caches\modules-2\files-2.1\org.glassfish.jaxb\jaxb-core\2.3.0\b40bc6ae4bc14480204e143377ce6f75ebba5066\jaxb-core-2.3.0.jar referenced one or more files that do not exist: file:/C:/Users/sise/.gradle/caches/modules-2/files-2.1/org.glassfish.jaxb/jaxb-core/2.3.0/b40bc6ae4bc14480204e143377ce6f75ebba5066/jaxb-api-2.3.0.jar,file:/C:/Users/sise/.gradle/caches/modules-2/files-2.1/org.glassfish.jaxb/jaxb-core/2.3.0/b40bc6ae4bc14480204e143377ce6f75ebba5066/txw2-2.3.0.jar,file:/C:/Users/sise/.gradle/caches/modules-2/files-2.1/org.glassfish.jaxb/jaxb-core/2.3.0/b40bc6ae4bc14480204e143377ce6f75ebba5066/istack-commons-runtime-3.0.5.jar
2020-02-17 11:34:46 [restartedMain] INFO  o.s.b.d.e.DevToolsPropertyDefaultsPostProcessor : Devtools property defaults active! Set 'spring.devtools.add-properties' to 'false' to disable
2020-02-17 11:34:46 [restartedMain] INFO  o.s.b.d.e.DevToolsPropertyDefaultsPostProcessor : For additional web related logging consider setting the 'logging.level.web' property to 'DEBUG'
2020-02-17 11:34:48 [restartedMain] INFO  o.s.b.w.e.tomcat.TomcatWebServer     : Tomcat initialized with port(s): 8080 (http)
2020-02-17 11:34:48 [restartedMain] INFO  o.a.coyote.http11.Http11NioProtocol  : Initializing ProtocolHandler ["http-nio-8080"]
2020-02-17 11:34:48 [restartedMain] INFO  o.a.catalina.core.StandardService    : Starting service [Tomcat]
2020-02-17 11:34:48 [restartedMain] INFO  o.a.catalina.core.StandardEngine     : Starting Servlet engine: [Apache Tomcat/9.0.29]
2020-02-17 11:34:48 [restartedMain] INFO  o.a.c.c.C.[Tomcat].[localhost].[/]   : Initializing Spring embedded WebApplicationContext
2020-02-17 11:34:48 [restartedMain] INFO  o.s.web.context.ContextLoader        : Root WebApplicationContext: initialization completed in 1447 ms
2020-02-17 11:34:48 [restartedMain] INFO  com.zaxxer.hikari.HikariDataSource   : HikariPool-1 - Starting...
2020-02-17 11:34:48 [restartedMain] INFO  com.zaxxer.hikari.HikariDataSource   : HikariPool-1 - Start completed.
2020-02-17 11:34:48 [restartedMain] INFO  o.s.b.a.h.H2ConsoleAutoConfiguration : H2 console available at '/h2-console'. Database available at 'jdbc:postgresql://localhost:5432/sample_employee_info'
2020-02-17 11:34:48 [restartedMain] INFO  c.g.d.core.DozerBeanMapperBuilder    : Initializing Dozer. Version: 6.5.0, Thread Name: restartedMain
2020-02-17 11:34:48 [restartedMain] INFO  c.g.d.core.util.RuntimeUtils         : OSGi support is false
2020-02-17 11:34:48 [restartedMain] INFO  c.g.d.c.c.r.LegacyPropertiesSettingsResolver : Trying to find Dozer configuration file: dozer.properties
2020-02-17 11:34:48 [restartedMain] INFO  c.g.d.c.c.r.LegacyPropertiesSettingsResolver : Failed to find dozer.properties via com.github.dozermapper.core.config.resolvers.LegacyPropertiesSettingsResolver.
2020-02-17 11:34:48 [restartedMain] WARN  c.g.d.core.el.ELExpressionFactory    : javax.el is not supported; Failed to resolve ExpressionFactory, com.sun.el.ExpressionFactoryImpl
2020-02-17 11:34:48 [restartedMain] INFO  c.g.d.c.b.xml.BeanMappingXMLBuilder  : Using URL [file:/C:/sise/NTTTデータMSE/doc/AP基盤要件定義/AP基盤要件定義/11_サンプルソース/sample-app/bin/main/META-INF/dozer/configuration.dozer.xml] to load custom xml mappings
2020-02-17 11:34:48 [restartedMain] INFO  c.g.d.c.b.x.SchemaLSResourceResolver : Trying to resolve XML entity with public ID [null] and system ID [https://dozermapper.github.io/schema/bean-mapping.xsd]
2020-02-17 11:34:48 [restartedMain] INFO  c.g.d.c.b.x.SchemaLSResourceResolver : Resolved public ID [null] and system ID [https://dozermapper.github.io/schema/bean-mapping.xsd]
2020-02-17 11:34:48 [restartedMain] INFO  c.g.d.c.b.xml.BeanMappingXMLBuilder  : Successfully loaded custom xml mapping.
2020-02-17 11:34:49 [restartedMain] INFO  o.s.s.c.ThreadPoolTaskExecutor       : Initializing ExecutorService 'applicationTaskExecutor'
2020-02-17 11:34:49 [restartedMain] WARN  o.s.b.d.a.OptionalLiveReloadServer   : Unable to start LiveReload server
2020-02-17 11:34:49 [restartedMain] INFO  o.a.coyote.http11.Http11NioProtocol  : Starting ProtocolHandler ["http-nio-8080"]
2020-02-17 11:34:49 [restartedMain] INFO  o.a.coyote.http11.Http11NioProtocol  : Pausing ProtocolHandler ["http-nio-8080"]
2020-02-17 11:34:49 [restartedMain] INFO  o.a.catalina.core.StandardService    : Stopping service [Tomcat]
2020-02-17 11:34:49 [restartedMain] WARN  o.a.c.loader.WebappClassLoaderBase   : The web application [ROOT] appears to have started a thread named [HikariPool-1 housekeeper] but has failed to stop it. This is very likely to create a memory leak. Stack trace of thread:
 java.base@11.0.5/jdk.internal.misc.Unsafe.park(Native Method)
 java.base@11.0.5/java.util.concurrent.locks.LockSupport.parkNanos(LockSupport.java:234)
 java.base@11.0.5/java.util.concurrent.locks.AbstractQueuedSynchronizer$ConditionObject.awaitNanos(AbstractQueuedSynchronizer.java:2123)
 java.base@11.0.5/java.util.concurrent.ScheduledThreadPoolExecutor$DelayedWorkQueue.take(ScheduledThreadPoolExecutor.java:1182)
 java.base@11.0.5/java.util.concurrent.ScheduledThreadPoolExecutor$DelayedWorkQueue.take(ScheduledThreadPoolExecutor.java:899)
 java.base@11.0.5/java.util.concurrent.ThreadPoolExecutor.getTask(ThreadPoolExecutor.java:1054)
 java.base@11.0.5/java.util.concurrent.ThreadPoolExecutor.runWorker(ThreadPoolExecutor.java:1114)
 java.base@11.0.5/java.util.concurrent.ThreadPoolExecutor$Worker.run(ThreadPoolExecutor.java:628)
 java.base@11.0.5/java.lang.Thread.run(Thread.java:834)
2020-02-17 11:34:49 [restartedMain] WARN  o.a.c.loader.WebappClassLoaderBase   : The web application [ROOT] appears to have started a thread named [HikariPool-1 connection adder] but has failed to stop it. This is very likely to create a memory leak. Stack trace of thread:
 java.base@11.0.5/jdk.internal.misc.Unsafe.park(Native Method)
 java.base@11.0.5/java.util.concurrent.locks.LockSupport.parkNanos(LockSupport.java:234)
 java.base@11.0.5/java.util.concurrent.locks.AbstractQueuedSynchronizer$ConditionObject.awaitNanos(AbstractQueuedSynchronizer.java:2123)
 java.base@11.0.5/java.util.concurrent.LinkedBlockingQueue.poll(LinkedBlockingQueue.java:458)
 java.base@11.0.5/java.util.concurrent.ThreadPoolExecutor.getTask(ThreadPoolExecutor.java:1053)
 java.base@11.0.5/java.util.concurrent.ThreadPoolExecutor.runWorker(ThreadPoolExecutor.java:1114)
 java.base@11.0.5/java.util.concurrent.ThreadPoolExecutor$Worker.run(ThreadPoolExecutor.java:628)
 java.base@11.0.5/java.lang.Thread.run(Thread.java:834)
2020-02-17 11:34:49 [restartedMain] INFO  o.a.coyote.http11.Http11NioProtocol  : Stopping ProtocolHandler ["http-nio-8080"]
2020-02-17 11:34:49 [restartedMain] INFO  o.a.coyote.http11.Http11NioProtocol  : Destroying ProtocolHandler ["http-nio-8080"]
2020-02-17 11:34:49 [restartedMain] INFO  o.s.b.a.l.ConditionEvaluationReportLoggingListener : 

Error starting ApplicationContext. To display the conditions report re-run your application with 'debug' enabled.
2020-02-17 11:34:49 [restartedMain] ERROR o.s.b.d.LoggingFailureAnalysisReporter : 

***************************
APPLICATION FAILED TO START
***************************

Description:

Web server failed to start. Port 8080 was already in use.

Action:

Identify and stop the process that's listening on port 8080 or configure this application to listen on another port.

2020-02-17 11:34:49 [restartedMain] INFO  o.s.s.c.ThreadPoolTaskExecutor       : Shutting down ExecutorService 'applicationTaskExecutor'
2020-02-17 11:34:49 [restartedMain] INFO  com.zaxxer.hikari.HikariDataSource   : HikariPool-1 - Shutdown initiated...
2020-02-17 11:34:49 [restartedMain] INFO  com.zaxxer.hikari.HikariDataSource   : HikariPool-1 - Shutdown completed.
2020-02-17 11:36:30 [restartedMain] INFO  jp.co.nttdmse.DemoApplication        : Starting DemoApplication on P0895 with PID 5216 (started by sise in C:\sise\NTTTデータMSE\doc\AP基盤要件定義\AP基盤要件定義\11_サンプルソース\sample-app)
2020-02-17 11:36:30 [restartedMain] INFO  jp.co.nttdmse.DemoApplication        : The following profiles are active: postgres-local
2020-02-17 11:36:30 [restartedMain] INFO  o.s.b.d.restart.ChangeableUrls       : The Class-Path manifest attribute in C:\Users\sise\.gradle\caches\modules-2\files-2.1\org.glassfish.jaxb\jaxb-runtime\2.3.0\c50f1a599ff0fcf3944e7467cf3cfae1374f4fd6\jaxb-runtime-2.3.0.jar referenced one or more files that do not exist: file:/C:/Users/sise/.gradle/caches/modules-2/files-2.1/org.glassfish.jaxb/jaxb-runtime/2.3.0/c50f1a599ff0fcf3944e7467cf3cfae1374f4fd6/jaxb-core-2.3.0.jar,file:/C:/Users/sise/.gradle/caches/modules-2/files-2.1/org.glassfish.jaxb/jaxb-runtime/2.3.0/c50f1a599ff0fcf3944e7467cf3cfae1374f4fd6/jaxb-api-2.3.0.jar,file:/C:/Users/sise/.gradle/caches/modules-2/files-2.1/org.glassfish.jaxb/jaxb-runtime/2.3.0/c50f1a599ff0fcf3944e7467cf3cfae1374f4fd6/txw2-2.3.0.jar,file:/C:/Users/sise/.gradle/caches/modules-2/files-2.1/org.glassfish.jaxb/jaxb-runtime/2.3.0/c50f1a599ff0fcf3944e7467cf3cfae1374f4fd6/istack-commons-runtime-3.0.5.jar,file:/C:/Users/sise/.gradle/caches/modules-2/files-2.1/org.glassfish.jaxb/jaxb-runtime/2.3.0/c50f1a599ff0fcf3944e7467cf3cfae1374f4fd6/stax-ex-1.7.8.jar,file:/C:/Users/sise/.gradle/caches/modules-2/files-2.1/org.glassfish.jaxb/jaxb-runtime/2.3.0/c50f1a599ff0fcf3944e7467cf3cfae1374f4fd6/FastInfoset-1.2.13.jar
2020-02-17 11:36:30 [restartedMain] INFO  o.s.b.d.restart.ChangeableUrls       : The Class-Path manifest attribute in C:\Users\sise\.gradle\caches\modules-2\files-2.1\org.glassfish.jaxb\jaxb-core\2.3.0\b40bc6ae4bc14480204e143377ce6f75ebba5066\jaxb-core-2.3.0.jar referenced one or more files that do not exist: file:/C:/Users/sise/.gradle/caches/modules-2/files-2.1/org.glassfish.jaxb/jaxb-core/2.3.0/b40bc6ae4bc14480204e143377ce6f75ebba5066/jaxb-api-2.3.0.jar,file:/C:/Users/sise/.gradle/caches/modules-2/files-2.1/org.glassfish.jaxb/jaxb-core/2.3.0/b40bc6ae4bc14480204e143377ce6f75ebba5066/txw2-2.3.0.jar,file:/C:/Users/sise/.gradle/caches/modules-2/files-2.1/org.glassfish.jaxb/jaxb-core/2.3.0/b40bc6ae4bc14480204e143377ce6f75ebba5066/istack-commons-runtime-3.0.5.jar
2020-02-17 11:36:30 [restartedMain] INFO  o.s.b.d.e.DevToolsPropertyDefaultsPostProcessor : Devtools property defaults active! Set 'spring.devtools.add-properties' to 'false' to disable
2020-02-17 11:36:30 [restartedMain] INFO  o.s.b.d.e.DevToolsPropertyDefaultsPostProcessor : For additional web related logging consider setting the 'logging.level.web' property to 'DEBUG'
2020-02-17 11:36:31 [restartedMain] INFO  o.s.b.w.e.tomcat.TomcatWebServer     : Tomcat initialized with port(s): 8080 (http)
2020-02-17 11:36:31 [restartedMain] INFO  o.a.coyote.http11.Http11NioProtocol  : Initializing ProtocolHandler ["http-nio-8080"]
2020-02-17 11:36:31 [restartedMain] INFO  o.a.catalina.core.StandardService    : Starting service [Tomcat]
2020-02-17 11:36:31 [restartedMain] INFO  o.a.catalina.core.StandardEngine     : Starting Servlet engine: [Apache Tomcat/9.0.29]
2020-02-17 11:36:32 [restartedMain] INFO  o.a.c.c.C.[Tomcat].[localhost].[/]   : Initializing Spring embedded WebApplicationContext
2020-02-17 11:36:32 [restartedMain] INFO  o.s.web.context.ContextLoader        : Root WebApplicationContext: initialization completed in 1351 ms
2020-02-17 11:36:32 [restartedMain] INFO  com.zaxxer.hikari.HikariDataSource   : HikariPool-1 - Starting...
2020-02-17 11:36:32 [restartedMain] INFO  com.zaxxer.hikari.HikariDataSource   : HikariPool-1 - Start completed.
2020-02-17 11:36:32 [restartedMain] INFO  o.s.b.a.h.H2ConsoleAutoConfiguration : H2 console available at '/h2-console'. Database available at 'jdbc:postgresql://localhost:5432/sample_employee_info'
2020-02-17 11:36:32 [restartedMain] INFO  c.g.d.core.DozerBeanMapperBuilder    : Initializing Dozer. Version: 6.5.0, Thread Name: restartedMain
2020-02-17 11:36:32 [restartedMain] INFO  c.g.d.core.util.RuntimeUtils         : OSGi support is false
2020-02-17 11:36:32 [restartedMain] INFO  c.g.d.c.c.r.LegacyPropertiesSettingsResolver : Trying to find Dozer configuration file: dozer.properties
2020-02-17 11:36:32 [restartedMain] INFO  c.g.d.c.c.r.LegacyPropertiesSettingsResolver : Failed to find dozer.properties via com.github.dozermapper.core.config.resolvers.LegacyPropertiesSettingsResolver.
2020-02-17 11:36:32 [restartedMain] WARN  c.g.d.core.el.ELExpressionFactory    : javax.el is not supported; Failed to resolve ExpressionFactory, com.sun.el.ExpressionFactoryImpl
2020-02-17 11:36:32 [restartedMain] INFO  c.g.d.c.b.xml.BeanMappingXMLBuilder  : Using URL [file:/C:/sise/NTTTデータMSE/doc/AP基盤要件定義/AP基盤要件定義/11_サンプルソース/sample-app/bin/main/META-INF/dozer/configuration.dozer.xml] to load custom xml mappings
2020-02-17 11:36:32 [restartedMain] INFO  c.g.d.c.b.x.SchemaLSResourceResolver : Trying to resolve XML entity with public ID [null] and system ID [https://dozermapper.github.io/schema/bean-mapping.xsd]
2020-02-17 11:36:32 [restartedMain] INFO  c.g.d.c.b.x.SchemaLSResourceResolver : Resolved public ID [null] and system ID [https://dozermapper.github.io/schema/bean-mapping.xsd]
2020-02-17 11:36:32 [restartedMain] INFO  c.g.d.c.b.xml.BeanMappingXMLBuilder  : Successfully loaded custom xml mapping.
2020-02-17 11:36:32 [restartedMain] INFO  o.s.s.c.ThreadPoolTaskExecutor       : Initializing ExecutorService 'applicationTaskExecutor'
2020-02-17 11:36:33 [restartedMain] WARN  o.s.b.d.a.OptionalLiveReloadServer   : Unable to start LiveReload server
2020-02-17 11:36:33 [restartedMain] INFO  o.a.coyote.http11.Http11NioProtocol  : Starting ProtocolHandler ["http-nio-8080"]
2020-02-17 11:36:33 [restartedMain] INFO  o.a.coyote.http11.Http11NioProtocol  : Pausing ProtocolHandler ["http-nio-8080"]
2020-02-17 11:36:33 [restartedMain] INFO  o.a.catalina.core.StandardService    : Stopping service [Tomcat]
2020-02-17 11:36:33 [restartedMain] WARN  o.a.c.loader.WebappClassLoaderBase   : The web application [ROOT] appears to have started a thread named [HikariPool-1 housekeeper] but has failed to stop it. This is very likely to create a memory leak. Stack trace of thread:
 java.base@11.0.5/jdk.internal.misc.Unsafe.park(Native Method)
 java.base@11.0.5/java.util.concurrent.locks.LockSupport.parkNanos(LockSupport.java:234)
 java.base@11.0.5/java.util.concurrent.locks.AbstractQueuedSynchronizer$ConditionObject.awaitNanos(AbstractQueuedSynchronizer.java:2123)
 java.base@11.0.5/java.util.concurrent.ScheduledThreadPoolExecutor$DelayedWorkQueue.take(ScheduledThreadPoolExecutor.java:1182)
 java.base@11.0.5/java.util.concurrent.ScheduledThreadPoolExecutor$DelayedWorkQueue.take(ScheduledThreadPoolExecutor.java:899)
 java.base@11.0.5/java.util.concurrent.ThreadPoolExecutor.getTask(ThreadPoolExecutor.java:1054)
 java.base@11.0.5/java.util.concurrent.ThreadPoolExecutor.runWorker(ThreadPoolExecutor.java:1114)
 java.base@11.0.5/java.util.concurrent.ThreadPoolExecutor$Worker.run(ThreadPoolExecutor.java:628)
 java.base@11.0.5/java.lang.Thread.run(Thread.java:834)
2020-02-17 11:36:33 [restartedMain] WARN  o.a.c.loader.WebappClassLoaderBase   : The web application [ROOT] appears to have started a thread named [HikariPool-1 connection adder] but has failed to stop it. This is very likely to create a memory leak. Stack trace of thread:
 java.base@11.0.5/jdk.internal.misc.Unsafe.park(Native Method)
 java.base@11.0.5/java.util.concurrent.locks.LockSupport.parkNanos(LockSupport.java:234)
 java.base@11.0.5/java.util.concurrent.locks.AbstractQueuedSynchronizer$ConditionObject.awaitNanos(AbstractQueuedSynchronizer.java:2123)
 java.base@11.0.5/java.util.concurrent.LinkedBlockingQueue.poll(LinkedBlockingQueue.java:458)
 java.base@11.0.5/java.util.concurrent.ThreadPoolExecutor.getTask(ThreadPoolExecutor.java:1053)
 java.base@11.0.5/java.util.concurrent.ThreadPoolExecutor.runWorker(ThreadPoolExecutor.java:1114)
 java.base@11.0.5/java.util.concurrent.ThreadPoolExecutor$Worker.run(ThreadPoolExecutor.java:628)
 java.base@11.0.5/java.lang.Thread.run(Thread.java:834)
2020-02-17 11:36:33 [restartedMain] INFO  o.a.coyote.http11.Http11NioProtocol  : Stopping ProtocolHandler ["http-nio-8080"]
2020-02-17 11:36:33 [restartedMain] INFO  o.a.coyote.http11.Http11NioProtocol  : Destroying ProtocolHandler ["http-nio-8080"]
2020-02-17 11:36:33 [restartedMain] INFO  o.s.b.a.l.ConditionEvaluationReportLoggingListener : 

Error starting ApplicationContext. To display the conditions report re-run your application with 'debug' enabled.
2020-02-17 11:36:33 [restartedMain] ERROR o.s.b.d.LoggingFailureAnalysisReporter : 

***************************
APPLICATION FAILED TO START
***************************

Description:

Web server failed to start. Port 8080 was already in use.

Action:

Identify and stop the process that's listening on port 8080 or configure this application to listen on another port.

2020-02-17 11:36:33 [restartedMain] INFO  o.s.s.c.ThreadPoolTaskExecutor       : Shutting down ExecutorService 'applicationTaskExecutor'
2020-02-17 11:36:33 [restartedMain] INFO  com.zaxxer.hikari.HikariDataSource   : HikariPool-1 - Shutdown initiated...
2020-02-17 11:36:33 [restartedMain] INFO  com.zaxxer.hikari.HikariDataSource   : HikariPool-1 - Shutdown completed.
2020-02-17 11:37:35 [restartedMain] INFO  jp.co.nttdmse.DemoApplication        : Starting DemoApplication on P0895 with PID 8268 (started by sise in C:\sise\NTTTデータMSE\doc\AP基盤要件定義\AP基盤要件定義\11_サンプルソース\sample-app)
2020-02-17 11:37:35 [restartedMain] INFO  jp.co.nttdmse.DemoApplication        : The following profiles are active: postgres-local
2020-02-17 11:37:35 [restartedMain] INFO  o.s.b.d.restart.ChangeableUrls       : The Class-Path manifest attribute in C:\Users\sise\.gradle\caches\modules-2\files-2.1\org.glassfish.jaxb\jaxb-runtime\2.3.0\c50f1a599ff0fcf3944e7467cf3cfae1374f4fd6\jaxb-runtime-2.3.0.jar referenced one or more files that do not exist: file:/C:/Users/sise/.gradle/caches/modules-2/files-2.1/org.glassfish.jaxb/jaxb-runtime/2.3.0/c50f1a599ff0fcf3944e7467cf3cfae1374f4fd6/jaxb-core-2.3.0.jar,file:/C:/Users/sise/.gradle/caches/modules-2/files-2.1/org.glassfish.jaxb/jaxb-runtime/2.3.0/c50f1a599ff0fcf3944e7467cf3cfae1374f4fd6/jaxb-api-2.3.0.jar,file:/C:/Users/sise/.gradle/caches/modules-2/files-2.1/org.glassfish.jaxb/jaxb-runtime/2.3.0/c50f1a599ff0fcf3944e7467cf3cfae1374f4fd6/txw2-2.3.0.jar,file:/C:/Users/sise/.gradle/caches/modules-2/files-2.1/org.glassfish.jaxb/jaxb-runtime/2.3.0/c50f1a599ff0fcf3944e7467cf3cfae1374f4fd6/istack-commons-runtime-3.0.5.jar,file:/C:/Users/sise/.gradle/caches/modules-2/files-2.1/org.glassfish.jaxb/jaxb-runtime/2.3.0/c50f1a599ff0fcf3944e7467cf3cfae1374f4fd6/stax-ex-1.7.8.jar,file:/C:/Users/sise/.gradle/caches/modules-2/files-2.1/org.glassfish.jaxb/jaxb-runtime/2.3.0/c50f1a599ff0fcf3944e7467cf3cfae1374f4fd6/FastInfoset-1.2.13.jar
2020-02-17 11:37:35 [restartedMain] INFO  o.s.b.d.restart.ChangeableUrls       : The Class-Path manifest attribute in C:\Users\sise\.gradle\caches\modules-2\files-2.1\org.glassfish.jaxb\jaxb-core\2.3.0\b40bc6ae4bc14480204e143377ce6f75ebba5066\jaxb-core-2.3.0.jar referenced one or more files that do not exist: file:/C:/Users/sise/.gradle/caches/modules-2/files-2.1/org.glassfish.jaxb/jaxb-core/2.3.0/b40bc6ae4bc14480204e143377ce6f75ebba5066/jaxb-api-2.3.0.jar,file:/C:/Users/sise/.gradle/caches/modules-2/files-2.1/org.glassfish.jaxb/jaxb-core/2.3.0/b40bc6ae4bc14480204e143377ce6f75ebba5066/txw2-2.3.0.jar,file:/C:/Users/sise/.gradle/caches/modules-2/files-2.1/org.glassfish.jaxb/jaxb-core/2.3.0/b40bc6ae4bc14480204e143377ce6f75ebba5066/istack-commons-runtime-3.0.5.jar
2020-02-17 11:37:35 [restartedMain] INFO  o.s.b.d.e.DevToolsPropertyDefaultsPostProcessor : Devtools property defaults active! Set 'spring.devtools.add-properties' to 'false' to disable
2020-02-17 11:37:35 [restartedMain] INFO  o.s.b.d.e.DevToolsPropertyDefaultsPostProcessor : For additional web related logging consider setting the 'logging.level.web' property to 'DEBUG'
2020-02-17 11:37:36 [restartedMain] INFO  o.s.b.w.e.tomcat.TomcatWebServer     : Tomcat initialized with port(s): 8080 (http)
2020-02-17 11:37:36 [restartedMain] INFO  o.a.coyote.http11.Http11NioProtocol  : Initializing ProtocolHandler ["http-nio-8080"]
2020-02-17 11:37:36 [restartedMain] INFO  o.a.catalina.core.StandardService    : Starting service [Tomcat]
2020-02-17 11:37:36 [restartedMain] INFO  o.a.catalina.core.StandardEngine     : Starting Servlet engine: [Apache Tomcat/9.0.29]
2020-02-17 11:37:36 [restartedMain] INFO  o.a.c.c.C.[Tomcat].[localhost].[/]   : Initializing Spring embedded WebApplicationContext
2020-02-17 11:37:36 [restartedMain] INFO  o.s.web.context.ContextLoader        : Root WebApplicationContext: initialization completed in 1293 ms
2020-02-17 11:37:36 [restartedMain] INFO  com.zaxxer.hikari.HikariDataSource   : HikariPool-1 - Starting...
2020-02-17 11:37:36 [restartedMain] INFO  com.zaxxer.hikari.HikariDataSource   : HikariPool-1 - Start completed.
2020-02-17 11:37:36 [restartedMain] INFO  o.s.b.a.h.H2ConsoleAutoConfiguration : H2 console available at '/h2-console'. Database available at 'jdbc:postgresql://localhost:5432/sample_employee_info'
2020-02-17 11:37:37 [restartedMain] INFO  c.g.d.core.DozerBeanMapperBuilder    : Initializing Dozer. Version: 6.5.0, Thread Name: restartedMain
2020-02-17 11:37:37 [restartedMain] INFO  c.g.d.core.util.RuntimeUtils         : OSGi support is false
2020-02-17 11:37:37 [restartedMain] INFO  c.g.d.c.c.r.LegacyPropertiesSettingsResolver : Trying to find Dozer configuration file: dozer.properties
2020-02-17 11:37:37 [restartedMain] INFO  c.g.d.c.c.r.LegacyPropertiesSettingsResolver : Failed to find dozer.properties via com.github.dozermapper.core.config.resolvers.LegacyPropertiesSettingsResolver.
2020-02-17 11:37:37 [restartedMain] WARN  c.g.d.core.el.ELExpressionFactory    : javax.el is not supported; Failed to resolve ExpressionFactory, com.sun.el.ExpressionFactoryImpl
2020-02-17 11:37:37 [restartedMain] INFO  c.g.d.c.b.xml.BeanMappingXMLBuilder  : Using URL [file:/C:/sise/NTTTデータMSE/doc/AP基盤要件定義/AP基盤要件定義/11_サンプルソース/sample-app/bin/main/META-INF/dozer/configuration.dozer.xml] to load custom xml mappings
2020-02-17 11:37:37 [restartedMain] INFO  c.g.d.c.b.x.SchemaLSResourceResolver : Trying to resolve XML entity with public ID [null] and system ID [https://dozermapper.github.io/schema/bean-mapping.xsd]
2020-02-17 11:37:37 [restartedMain] INFO  c.g.d.c.b.x.SchemaLSResourceResolver : Resolved public ID [null] and system ID [https://dozermapper.github.io/schema/bean-mapping.xsd]
2020-02-17 11:37:37 [restartedMain] INFO  c.g.d.c.b.xml.BeanMappingXMLBuilder  : Successfully loaded custom xml mapping.
2020-02-17 11:37:37 [restartedMain] INFO  o.s.s.c.ThreadPoolTaskExecutor       : Initializing ExecutorService 'applicationTaskExecutor'
2020-02-17 11:37:37 [restartedMain] INFO  o.s.b.d.a.OptionalLiveReloadServer   : LiveReload server is running on port 35729
2020-02-17 11:37:37 [restartedMain] INFO  o.a.coyote.http11.Http11NioProtocol  : Starting ProtocolHandler ["http-nio-8080"]
2020-02-17 11:37:37 [restartedMain] INFO  o.s.b.w.e.tomcat.TomcatWebServer     : Tomcat started on port(s): 8080 (http) with context path ''
2020-02-17 11:37:37 [restartedMain] INFO  jp.co.nttdmse.DemoApplication        : Started DemoApplication in 3.092 seconds (JVM running for 4.319)
2020-02-17 11:38:26 [http-nio-8080-exec-1] INFO  o.a.c.c.C.[Tomcat].[localhost].[/]   : Initializing Spring DispatcherServlet 'dispatcherServlet'
2020-02-17 11:38:26 [http-nio-8080-exec-1] INFO  o.s.web.servlet.DispatcherServlet    : Initializing Servlet 'dispatcherServlet'
2020-02-17 11:38:26 [http-nio-8080-exec-1] INFO  o.s.web.servlet.DispatcherServlet    : Completed initialization in 11 ms
2020-02-17 11:38:27 [http-nio-8080-exec-1] INFO  j.c.n.d.s.i.EmployeeInfoServiceImpl  : getEmployeeInfoList Start!
2020-02-17 11:38:27 [http-nio-8080-exec-1] ERROR o.a.c.c.C.[.[.[.[dispatcherServlet]  : Servlet.service() for servlet [dispatcherServlet] in context with path [] threw exception [Request processing failed; nested exception is org.springframework.jdbc.BadSqlGrammarException: 
### Error querying database.  Cause: org.postgresql.util.PSQLException: ERROR: リレーション"employee_info"は存在しません
  位置: 100
### The error may exist in jp/co/nttdmse/domain/repository/EmployeeInfoMapper.xml
### The error may involve jp.co.nttdmse.domain.repository.EmployeeInfoMapper.selectByExample-Inline
### The error occurred while setting parameters
### SQL: select                      manno, name, join_date, sex, enrollment_type, time_saving         from employee_info                         WHERE (  join_date between ? and ? )                        order by manno DESC
### Cause: org.postgresql.util.PSQLException: ERROR: リレーション"employee_info"は存在しません
  位置: 100
; bad SQL grammar []; nested exception is org.postgresql.util.PSQLException: ERROR: リレーション"employee_info"は存在しません
  位置: 100] with root cause
org.postgresql.util.PSQLException: ERROR: リレーション"employee_info"は存在しません
  位置: 100
	at org.postgresql.core.v3.QueryExecutorImpl.receiveErrorResponse(QueryExecutorImpl.java:2497)
	at org.postgresql.core.v3.QueryExecutorImpl.processResults(QueryExecutorImpl.java:2233)
	at org.postgresql.core.v3.QueryExecutorImpl.execute(QueryExecutorImpl.java:310)
	at org.postgresql.jdbc.PgStatement.executeInternal(PgStatement.java:446)
	at org.postgresql.jdbc.PgStatement.execute(PgStatement.java:370)
	at org.postgresql.jdbc.PgPreparedStatement.executeWithFlags(PgPreparedStatement.java:149)
	at org.postgresql.jdbc.PgPreparedStatement.execute(PgPreparedStatement.java:138)
	at com.zaxxer.hikari.pool.ProxyPreparedStatement.execute(ProxyPreparedStatement.java:44)
	at com.zaxxer.hikari.pool.HikariProxyPreparedStatement.execute(HikariProxyPreparedStatement.java)
	at org.apache.ibatis.executor.statement.PreparedStatementHandler.query(PreparedStatementHandler.java:64)
	at org.apache.ibatis.executor.statement.RoutingStatementHandler.query(RoutingStatementHandler.java:79)
	at org.apache.ibatis.executor.SimpleExecutor.doQuery(SimpleExecutor.java:63)
	at org.apache.ibatis.executor.BaseExecutor.queryFromDatabase(BaseExecutor.java:324)
	at org.apache.ibatis.executor.BaseExecutor.query(BaseExecutor.java:156)
	at org.apache.ibatis.executor.CachingExecutor.query(CachingExecutor.java:109)
	at org.apache.ibatis.executor.CachingExecutor.query(CachingExecutor.java:83)
	at org.apache.ibatis.session.defaults.DefaultSqlSession.selectList(DefaultSqlSession.java:147)
	at org.apache.ibatis.session.defaults.DefaultSqlSession.selectList(DefaultSqlSession.java:140)
	at java.base/jdk.internal.reflect.NativeMethodAccessorImpl.invoke0(Native Method)
	at java.base/jdk.internal.reflect.NativeMethodAccessorImpl.invoke(NativeMethodAccessorImpl.java:62)
	at java.base/jdk.internal.reflect.DelegatingMethodAccessorImpl.invoke(DelegatingMethodAccessorImpl.java:43)
	at java.base/java.lang.reflect.Method.invoke(Method.java:566)
	at org.mybatis.spring.SqlSessionTemplate$SqlSessionInterceptor.invoke(SqlSessionTemplate.java:426)
	at com.sun.proxy.$Proxy63.selectList(Unknown Source)
	at org.mybatis.spring.SqlSessionTemplate.selectList(SqlSessionTemplate.java:223)
	at org.apache.ibatis.binding.MapperMethod.executeForMany(MapperMethod.java:147)
	at org.apache.ibatis.binding.MapperMethod.execute(MapperMethod.java:80)
	at org.apache.ibatis.binding.MapperProxy.invoke(MapperProxy.java:93)
	at com.sun.proxy.$Proxy65.selectByExample(Unknown Source)
	at jp.co.nttdmse.domain.service.impl.EmployeeInfoServiceImpl.getEmployeeInfoList(EmployeeInfoServiceImpl.java:49)
	at jp.co.nttdmse.app.controller.EmployeeInfoController.init(EmployeeInfoController.java:40)
	at java.base/jdk.internal.reflect.NativeMethodAccessorImpl.invoke0(Native Method)
	at java.base/jdk.internal.reflect.NativeMethodAccessorImpl.invoke(NativeMethodAccessorImpl.java:62)
	at java.base/jdk.internal.reflect.DelegatingMethodAccessorImpl.invoke(DelegatingMethodAccessorImpl.java:43)
	at java.base/java.lang.reflect.Method.invoke(Method.java:566)
	at org.springframework.web.method.support.InvocableHandlerMethod.doInvoke(InvocableHandlerMethod.java:190)
	at org.springframework.web.method.support.InvocableHandlerMethod.invokeForRequest(InvocableHandlerMethod.java:138)
	at org.springframework.web.servlet.mvc.method.annotation.ServletInvocableHandlerMethod.invokeAndHandle(ServletInvocableHandlerMethod.java:106)
	at org.springframework.web.servlet.mvc.method.annotation.RequestMappingHandlerAdapter.invokeHandlerMethod(RequestMappingHandlerAdapter.java:888)
	at org.springframework.web.servlet.mvc.method.annotation.RequestMappingHandlerAdapter.handleInternal(RequestMappingHandlerAdapter.java:793)
	at org.springframework.web.servlet.mvc.method.AbstractHandlerMethodAdapter.handle(AbstractHandlerMethodAdapter.java:87)
	at org.springframework.web.servlet.DispatcherServlet.doDispatch(DispatcherServlet.java:1040)
	at org.springframework.web.servlet.DispatcherServlet.doService(DispatcherServlet.java:943)
	at org.springframework.web.servlet.FrameworkServlet.processRequest(FrameworkServlet.java:1006)
	at org.springframework.web.servlet.FrameworkServlet.doGet(FrameworkServlet.java:898)
	at javax.servlet.http.HttpServlet.service(HttpServlet.java:634)
	at org.springframework.web.servlet.FrameworkServlet.service(FrameworkServlet.java:883)
	at javax.servlet.http.HttpServlet.service(HttpServlet.java:741)
	at org.apache.catalina.core.ApplicationFilterChain.internalDoFilter(ApplicationFilterChain.java:231)
	at org.apache.catalina.core.ApplicationFilterChain.doFilter(ApplicationFilterChain.java:166)
	at org.apache.tomcat.websocket.server.WsFilter.doFilter(WsFilter.java:53)
	at org.apache.catalina.core.ApplicationFilterChain.internalDoFilter(ApplicationFilterChain.java:193)
	at org.apache.catalina.core.ApplicationFilterChain.doFilter(ApplicationFilterChain.java:166)
	at org.springframework.web.filter.RequestContextFilter.doFilterInternal(RequestContextFilter.java:100)
	at org.springframework.web.filter.OncePerRequestFilter.doFilter(OncePerRequestFilter.java:119)
	at org.apache.catalina.core.ApplicationFilterChain.internalDoFilter(ApplicationFilterChain.java:193)
	at org.apache.catalina.core.ApplicationFilterChain.doFilter(ApplicationFilterChain.java:166)
	at org.springframework.web.filter.FormContentFilter.doFilterInternal(FormContentFilter.java:93)
	at org.springframework.web.filter.OncePerRequestFilter.doFilter(OncePerRequestFilter.java:119)
	at org.apache.catalina.core.ApplicationFilterChain.internalDoFilter(ApplicationFilterChain.java:193)
	at org.apache.catalina.core.ApplicationFilterChain.doFilter(ApplicationFilterChain.java:166)
	at org.springframework.web.filter.CharacterEncodingFilter.doFilterInternal(CharacterEncodingFilter.java:201)
	at org.springframework.web.filter.OncePerRequestFilter.doFilter(OncePerRequestFilter.java:119)
	at org.apache.catalina.core.ApplicationFilterChain.internalDoFilter(ApplicationFilterChain.java:193)
	at org.apache.catalina.core.ApplicationFilterChain.doFilter(ApplicationFilterChain.java:166)
	at org.apache.catalina.core.StandardWrapperValve.invoke(StandardWrapperValve.java:202)
	at org.apache.catalina.core.StandardContextValve.invoke(StandardContextValve.java:96)
	at org.apache.catalina.authenticator.AuthenticatorBase.invoke(AuthenticatorBase.java:526)
	at org.apache.catalina.core.StandardHostValve.invoke(StandardHostValve.java:139)
	at org.apache.catalina.valves.ErrorReportValve.invoke(ErrorReportValve.java:92)
	at org.apache.catalina.core.StandardEngineValve.invoke(StandardEngineValve.java:74)
	at org.apache.catalina.connector.CoyoteAdapter.service(CoyoteAdapter.java:343)
	at org.apache.coyote.http11.Http11Processor.service(Http11Processor.java:367)
	at org.apache.coyote.AbstractProcessorLight.process(AbstractProcessorLight.java:65)
	at org.apache.coyote.AbstractProtocol$ConnectionHandler.process(AbstractProtocol.java:860)
	at org.apache.tomcat.util.net.NioEndpoint$SocketProcessor.doRun(NioEndpoint.java:1591)
	at org.apache.tomcat.util.net.SocketProcessorBase.run(SocketProcessorBase.java:49)
	at java.base/java.util.concurrent.ThreadPoolExecutor.runWorker(ThreadPoolExecutor.java:1128)
	at java.base/java.util.concurrent.ThreadPoolExecutor$Worker.run(ThreadPoolExecutor.java:628)
	at org.apache.tomcat.util.threads.TaskThread$WrappingRunnable.run(TaskThread.java:61)
	at java.base/java.lang.Thread.run(Thread.java:834)
2020-02-17 11:43:52 [http-nio-8080-exec-3] INFO  j.c.n.d.s.i.EmployeeInfoServiceImpl  : getEmployeeInfoList Start!
2020-02-17 11:43:52 [http-nio-8080-exec-3] ERROR o.a.c.c.C.[.[.[.[dispatcherServlet]  : Servlet.service() for servlet [dispatcherServlet] in context with path [] threw exception [Request processing failed; nested exception is org.springframework.jdbc.BadSqlGrammarException: 
### Error querying database.  Cause: org.postgresql.util.PSQLException: ERROR: リレーション"employee_info"は存在しません
  位置: 100
### The error may exist in jp/co/nttdmse/domain/repository/EmployeeInfoMapper.xml
### The error may involve jp.co.nttdmse.domain.repository.EmployeeInfoMapper.selectByExample-Inline
### The error occurred while setting parameters
### SQL: select                      manno, name, join_date, sex, enrollment_type, time_saving         from employee_info                         WHERE (  join_date between ? and ? )                        order by manno DESC
### Cause: org.postgresql.util.PSQLException: ERROR: リレーション"employee_info"は存在しません
  位置: 100
; bad SQL grammar []; nested exception is org.postgresql.util.PSQLException: ERROR: リレーション"employee_info"は存在しません
  位置: 100] with root cause
org.postgresql.util.PSQLException: ERROR: リレーション"employee_info"は存在しません
  位置: 100
	at org.postgresql.core.v3.QueryExecutorImpl.receiveErrorResponse(QueryExecutorImpl.java:2497)
	at org.postgresql.core.v3.QueryExecutorImpl.processResults(QueryExecutorImpl.java:2233)
	at org.postgresql.core.v3.QueryExecutorImpl.execute(QueryExecutorImpl.java:310)
	at org.postgresql.jdbc.PgStatement.executeInternal(PgStatement.java:446)
	at org.postgresql.jdbc.PgStatement.execute(PgStatement.java:370)
	at org.postgresql.jdbc.PgPreparedStatement.executeWithFlags(PgPreparedStatement.java:149)
	at org.postgresql.jdbc.PgPreparedStatement.execute(PgPreparedStatement.java:138)
	at com.zaxxer.hikari.pool.ProxyPreparedStatement.execute(ProxyPreparedStatement.java:44)
	at com.zaxxer.hikari.pool.HikariProxyPreparedStatement.execute(HikariProxyPreparedStatement.java)
	at org.apache.ibatis.executor.statement.PreparedStatementHandler.query(PreparedStatementHandler.java:64)
	at org.apache.ibatis.executor.statement.RoutingStatementHandler.query(RoutingStatementHandler.java:79)
	at org.apache.ibatis.executor.SimpleExecutor.doQuery(SimpleExecutor.java:63)
	at org.apache.ibatis.executor.BaseExecutor.queryFromDatabase(BaseExecutor.java:324)
	at org.apache.ibatis.executor.BaseExecutor.query(BaseExecutor.java:156)
	at org.apache.ibatis.executor.CachingExecutor.query(CachingExecutor.java:109)
	at org.apache.ibatis.executor.CachingExecutor.query(CachingExecutor.java:83)
	at org.apache.ibatis.session.defaults.DefaultSqlSession.selectList(DefaultSqlSession.java:147)
	at org.apache.ibatis.session.defaults.DefaultSqlSession.selectList(DefaultSqlSession.java:140)
	at java.base/jdk.internal.reflect.NativeMethodAccessorImpl.invoke0(Native Method)
	at java.base/jdk.internal.reflect.NativeMethodAccessorImpl.invoke(NativeMethodAccessorImpl.java:62)
	at java.base/jdk.internal.reflect.DelegatingMethodAccessorImpl.invoke(DelegatingMethodAccessorImpl.java:43)
	at java.base/java.lang.reflect.Method.invoke(Method.java:566)
	at org.mybatis.spring.SqlSessionTemplate$SqlSessionInterceptor.invoke(SqlSessionTemplate.java:426)
	at com.sun.proxy.$Proxy63.selectList(Unknown Source)
	at org.mybatis.spring.SqlSessionTemplate.selectList(SqlSessionTemplate.java:223)
	at org.apache.ibatis.binding.MapperMethod.executeForMany(MapperMethod.java:147)
	at org.apache.ibatis.binding.MapperMethod.execute(MapperMethod.java:80)
	at org.apache.ibatis.binding.MapperProxy.invoke(MapperProxy.java:93)
	at com.sun.proxy.$Proxy65.selectByExample(Unknown Source)
	at jp.co.nttdmse.domain.service.impl.EmployeeInfoServiceImpl.getEmployeeInfoList(EmployeeInfoServiceImpl.java:49)
	at jp.co.nttdmse.app.controller.EmployeeInfoController.init(EmployeeInfoController.java:40)
	at java.base/jdk.internal.reflect.NativeMethodAccessorImpl.invoke0(Native Method)
	at java.base/jdk.internal.reflect.NativeMethodAccessorImpl.invoke(NativeMethodAccessorImpl.java:62)
	at java.base/jdk.internal.reflect.DelegatingMethodAccessorImpl.invoke(DelegatingMethodAccessorImpl.java:43)
	at java.base/java.lang.reflect.Method.invoke(Method.java:566)
	at org.springframework.web.method.support.InvocableHandlerMethod.doInvoke(InvocableHandlerMethod.java:190)
	at org.springframework.web.method.support.InvocableHandlerMethod.invokeForRequest(InvocableHandlerMethod.java:138)
	at org.springframework.web.servlet.mvc.method.annotation.ServletInvocableHandlerMethod.invokeAndHandle(ServletInvocableHandlerMethod.java:106)
	at org.springframework.web.servlet.mvc.method.annotation.RequestMappingHandlerAdapter.invokeHandlerMethod(RequestMappingHandlerAdapter.java:888)
	at org.springframework.web.servlet.mvc.method.annotation.RequestMappingHandlerAdapter.handleInternal(RequestMappingHandlerAdapter.java:793)
	at org.springframework.web.servlet.mvc.method.AbstractHandlerMethodAdapter.handle(AbstractHandlerMethodAdapter.java:87)
	at org.springframework.web.servlet.DispatcherServlet.doDispatch(DispatcherServlet.java:1040)
	at org.springframework.web.servlet.DispatcherServlet.doService(DispatcherServlet.java:943)
	at org.springframework.web.servlet.FrameworkServlet.processRequest(FrameworkServlet.java:1006)
	at org.springframework.web.servlet.FrameworkServlet.doGet(FrameworkServlet.java:898)
	at javax.servlet.http.HttpServlet.service(HttpServlet.java:634)
	at org.springframework.web.servlet.FrameworkServlet.service(FrameworkServlet.java:883)
	at javax.servlet.http.HttpServlet.service(HttpServlet.java:741)
	at org.apache.catalina.core.ApplicationFilterChain.internalDoFilter(ApplicationFilterChain.java:231)
	at org.apache.catalina.core.ApplicationFilterChain.doFilter(ApplicationFilterChain.java:166)
	at org.apache.tomcat.websocket.server.WsFilter.doFilter(WsFilter.java:53)
	at org.apache.catalina.core.ApplicationFilterChain.internalDoFilter(ApplicationFilterChain.java:193)
	at org.apache.catalina.core.ApplicationFilterChain.doFilter(ApplicationFilterChain.java:166)
	at org.springframework.web.filter.RequestContextFilter.doFilterInternal(RequestContextFilter.java:100)
	at org.springframework.web.filter.OncePerRequestFilter.doFilter(OncePerRequestFilter.java:119)
	at org.apache.catalina.core.ApplicationFilterChain.internalDoFilter(ApplicationFilterChain.java:193)
	at org.apache.catalina.core.ApplicationFilterChain.doFilter(ApplicationFilterChain.java:166)
	at org.springframework.web.filter.FormContentFilter.doFilterInternal(FormContentFilter.java:93)
	at org.springframework.web.filter.OncePerRequestFilter.doFilter(OncePerRequestFilter.java:119)
	at org.apache.catalina.core.ApplicationFilterChain.internalDoFilter(ApplicationFilterChain.java:193)
	at org.apache.catalina.core.ApplicationFilterChain.doFilter(ApplicationFilterChain.java:166)
	at org.springframework.web.filter.CharacterEncodingFilter.doFilterInternal(CharacterEncodingFilter.java:201)
	at org.springframework.web.filter.OncePerRequestFilter.doFilter(OncePerRequestFilter.java:119)
	at org.apache.catalina.core.ApplicationFilterChain.internalDoFilter(ApplicationFilterChain.java:193)
	at org.apache.catalina.core.ApplicationFilterChain.doFilter(ApplicationFilterChain.java:166)
	at org.apache.catalina.core.StandardWrapperValve.invoke(StandardWrapperValve.java:202)
	at org.apache.catalina.core.StandardContextValve.invoke(StandardContextValve.java:96)
	at org.apache.catalina.authenticator.AuthenticatorBase.invoke(AuthenticatorBase.java:526)
	at org.apache.catalina.core.StandardHostValve.invoke(StandardHostValve.java:139)
	at org.apache.catalina.valves.ErrorReportValve.invoke(ErrorReportValve.java:92)
	at org.apache.catalina.core.StandardEngineValve.invoke(StandardEngineValve.java:74)
	at org.apache.catalina.connector.CoyoteAdapter.service(CoyoteAdapter.java:343)
	at org.apache.coyote.http11.Http11Processor.service(Http11Processor.java:367)
	at org.apache.coyote.AbstractProcessorLight.process(AbstractProcessorLight.java:65)
	at org.apache.coyote.AbstractProtocol$ConnectionHandler.process(AbstractProtocol.java:860)
	at org.apache.tomcat.util.net.NioEndpoint$SocketProcessor.doRun(NioEndpoint.java:1591)
	at org.apache.tomcat.util.net.SocketProcessorBase.run(SocketProcessorBase.java:49)
	at java.base/java.util.concurrent.ThreadPoolExecutor.runWorker(ThreadPoolExecutor.java:1128)
	at java.base/java.util.concurrent.ThreadPoolExecutor$Worker.run(ThreadPoolExecutor.java:628)
	at org.apache.tomcat.util.threads.TaskThread$WrappingRunnable.run(TaskThread.java:61)
	at java.base/java.lang.Thread.run(Thread.java:834)
2020-02-17 12:00:33 [http-nio-8080-exec-6] INFO  j.c.n.d.s.i.EmployeeInfoServiceImpl  : getEmployeeInfoList Start!
2020-02-17 12:00:33 [http-nio-8080-exec-6] ERROR o.a.c.c.C.[.[.[.[dispatcherServlet]  : Servlet.service() for servlet [dispatcherServlet] in context with path [] threw exception [Request processing failed; nested exception is org.springframework.jdbc.BadSqlGrammarException: 
### Error querying database.  Cause: org.postgresql.util.PSQLException: ERROR: 列"manno"は存在しません
  ヒント: 列"employee_info.man_no"を参照しようとしていたようです。
  位置: 29
### The error may exist in jp/co/nttdmse/domain/repository/EmployeeInfoMapper.xml
### The error may involve jp.co.nttdmse.domain.repository.EmployeeInfoMapper.selectByExample-Inline
### The error occurred while setting parameters
### SQL: select                      manno, name, join_date, sex, enrollment_type, time_saving         from employee_info                         WHERE (  join_date between ? and ? )                        order by manno DESC
### Cause: org.postgresql.util.PSQLException: ERROR: 列"manno"は存在しません
  ヒント: 列"employee_info.man_no"を参照しようとしていたようです。
  位置: 29
; bad SQL grammar []; nested exception is org.postgresql.util.PSQLException: ERROR: 列"manno"は存在しません
  ヒント: 列"employee_info.man_no"を参照しようとしていたようです。
  位置: 29] with root cause
org.postgresql.util.PSQLException: ERROR: 列"manno"は存在しません
  ヒント: 列"employee_info.man_no"を参照しようとしていたようです。
  位置: 29
	at org.postgresql.core.v3.QueryExecutorImpl.receiveErrorResponse(QueryExecutorImpl.java:2497)
	at org.postgresql.core.v3.QueryExecutorImpl.processResults(QueryExecutorImpl.java:2233)
	at org.postgresql.core.v3.QueryExecutorImpl.execute(QueryExecutorImpl.java:310)
	at org.postgresql.jdbc.PgStatement.executeInternal(PgStatement.java:446)
	at org.postgresql.jdbc.PgStatement.execute(PgStatement.java:370)
	at org.postgresql.jdbc.PgPreparedStatement.executeWithFlags(PgPreparedStatement.java:149)
	at org.postgresql.jdbc.PgPreparedStatement.execute(PgPreparedStatement.java:138)
	at com.zaxxer.hikari.pool.ProxyPreparedStatement.execute(ProxyPreparedStatement.java:44)
	at com.zaxxer.hikari.pool.HikariProxyPreparedStatement.execute(HikariProxyPreparedStatement.java)
	at org.apache.ibatis.executor.statement.PreparedStatementHandler.query(PreparedStatementHandler.java:64)
	at org.apache.ibatis.executor.statement.RoutingStatementHandler.query(RoutingStatementHandler.java:79)
	at org.apache.ibatis.executor.SimpleExecutor.doQuery(SimpleExecutor.java:63)
	at org.apache.ibatis.executor.BaseExecutor.queryFromDatabase(BaseExecutor.java:324)
	at org.apache.ibatis.executor.BaseExecutor.query(BaseExecutor.java:156)
	at org.apache.ibatis.executor.CachingExecutor.query(CachingExecutor.java:109)
	at org.apache.ibatis.executor.CachingExecutor.query(CachingExecutor.java:83)
	at org.apache.ibatis.session.defaults.DefaultSqlSession.selectList(DefaultSqlSession.java:147)
	at org.apache.ibatis.session.defaults.DefaultSqlSession.selectList(DefaultSqlSession.java:140)
	at java.base/jdk.internal.reflect.NativeMethodAccessorImpl.invoke0(Native Method)
	at java.base/jdk.internal.reflect.NativeMethodAccessorImpl.invoke(NativeMethodAccessorImpl.java:62)
	at java.base/jdk.internal.reflect.DelegatingMethodAccessorImpl.invoke(DelegatingMethodAccessorImpl.java:43)
	at java.base/java.lang.reflect.Method.invoke(Method.java:566)
	at org.mybatis.spring.SqlSessionTemplate$SqlSessionInterceptor.invoke(SqlSessionTemplate.java:426)
	at com.sun.proxy.$Proxy63.selectList(Unknown Source)
	at org.mybatis.spring.SqlSessionTemplate.selectList(SqlSessionTemplate.java:223)
	at org.apache.ibatis.binding.MapperMethod.executeForMany(MapperMethod.java:147)
	at org.apache.ibatis.binding.MapperMethod.execute(MapperMethod.java:80)
	at org.apache.ibatis.binding.MapperProxy.invoke(MapperProxy.java:93)
	at com.sun.proxy.$Proxy65.selectByExample(Unknown Source)
	at jp.co.nttdmse.domain.service.impl.EmployeeInfoServiceImpl.getEmployeeInfoList(EmployeeInfoServiceImpl.java:49)
	at jp.co.nttdmse.app.controller.EmployeeInfoController.init(EmployeeInfoController.java:40)
	at java.base/jdk.internal.reflect.NativeMethodAccessorImpl.invoke0(Native Method)
	at java.base/jdk.internal.reflect.NativeMethodAccessorImpl.invoke(NativeMethodAccessorImpl.java:62)
	at java.base/jdk.internal.reflect.DelegatingMethodAccessorImpl.invoke(DelegatingMethodAccessorImpl.java:43)
	at java.base/java.lang.reflect.Method.invoke(Method.java:566)
	at org.springframework.web.method.support.InvocableHandlerMethod.doInvoke(InvocableHandlerMethod.java:190)
	at org.springframework.web.method.support.InvocableHandlerMethod.invokeForRequest(InvocableHandlerMethod.java:138)
	at org.springframework.web.servlet.mvc.method.annotation.ServletInvocableHandlerMethod.invokeAndHandle(ServletInvocableHandlerMethod.java:106)
	at org.springframework.web.servlet.mvc.method.annotation.RequestMappingHandlerAdapter.invokeHandlerMethod(RequestMappingHandlerAdapter.java:888)
	at org.springframework.web.servlet.mvc.method.annotation.RequestMappingHandlerAdapter.handleInternal(RequestMappingHandlerAdapter.java:793)
	at org.springframework.web.servlet.mvc.method.AbstractHandlerMethodAdapter.handle(AbstractHandlerMethodAdapter.java:87)
	at org.springframework.web.servlet.DispatcherServlet.doDispatch(DispatcherServlet.java:1040)
	at org.springframework.web.servlet.DispatcherServlet.doService(DispatcherServlet.java:943)
	at org.springframework.web.servlet.FrameworkServlet.processRequest(FrameworkServlet.java:1006)
	at org.springframework.web.servlet.FrameworkServlet.doGet(FrameworkServlet.java:898)
	at javax.servlet.http.HttpServlet.service(HttpServlet.java:634)
	at org.springframework.web.servlet.FrameworkServlet.service(FrameworkServlet.java:883)
	at javax.servlet.http.HttpServlet.service(HttpServlet.java:741)
	at org.apache.catalina.core.ApplicationFilterChain.internalDoFilter(ApplicationFilterChain.java:231)
	at org.apache.catalina.core.ApplicationFilterChain.doFilter(ApplicationFilterChain.java:166)
	at org.apache.tomcat.websocket.server.WsFilter.doFilter(WsFilter.java:53)
	at org.apache.catalina.core.ApplicationFilterChain.internalDoFilter(ApplicationFilterChain.java:193)
	at org.apache.catalina.core.ApplicationFilterChain.doFilter(ApplicationFilterChain.java:166)
	at org.springframework.web.filter.RequestContextFilter.doFilterInternal(RequestContextFilter.java:100)
	at org.springframework.web.filter.OncePerRequestFilter.doFilter(OncePerRequestFilter.java:119)
	at org.apache.catalina.core.ApplicationFilterChain.internalDoFilter(ApplicationFilterChain.java:193)
	at org.apache.catalina.core.ApplicationFilterChain.doFilter(ApplicationFilterChain.java:166)
	at org.springframework.web.filter.FormContentFilter.doFilterInternal(FormContentFilter.java:93)
	at org.springframework.web.filter.OncePerRequestFilter.doFilter(OncePerRequestFilter.java:119)
	at org.apache.catalina.core.ApplicationFilterChain.internalDoFilter(ApplicationFilterChain.java:193)
	at org.apache.catalina.core.ApplicationFilterChain.doFilter(ApplicationFilterChain.java:166)
	at org.springframework.web.filter.CharacterEncodingFilter.doFilterInternal(CharacterEncodingFilter.java:201)
	at org.springframework.web.filter.OncePerRequestFilter.doFilter(OncePerRequestFilter.java:119)
	at org.apache.catalina.core.ApplicationFilterChain.internalDoFilter(ApplicationFilterChain.java:193)
	at org.apache.catalina.core.ApplicationFilterChain.doFilter(ApplicationFilterChain.java:166)
	at org.apache.catalina.core.StandardWrapperValve.invoke(StandardWrapperValve.java:202)
	at org.apache.catalina.core.StandardContextValve.invoke(StandardContextValve.java:96)
	at org.apache.catalina.authenticator.AuthenticatorBase.invoke(AuthenticatorBase.java:526)
	at org.apache.catalina.core.StandardHostValve.invoke(StandardHostValve.java:139)
	at org.apache.catalina.valves.ErrorReportValve.invoke(ErrorReportValve.java:92)
	at org.apache.catalina.core.StandardEngineValve.invoke(StandardEngineValve.java:74)
	at org.apache.catalina.connector.CoyoteAdapter.service(CoyoteAdapter.java:343)
	at org.apache.coyote.http11.Http11Processor.service(Http11Processor.java:367)
	at org.apache.coyote.AbstractProcessorLight.process(AbstractProcessorLight.java:65)
	at org.apache.coyote.AbstractProtocol$ConnectionHandler.process(AbstractProtocol.java:860)
	at org.apache.tomcat.util.net.NioEndpoint$SocketProcessor.doRun(NioEndpoint.java:1591)
	at org.apache.tomcat.util.net.SocketProcessorBase.run(SocketProcessorBase.java:49)
	at java.base/java.util.concurrent.ThreadPoolExecutor.runWorker(ThreadPoolExecutor.java:1128)
	at java.base/java.util.concurrent.ThreadPoolExecutor$Worker.run(ThreadPoolExecutor.java:628)
	at org.apache.tomcat.util.threads.TaskThread$WrappingRunnable.run(TaskThread.java:61)
	at java.base/java.lang.Thread.run(Thread.java:834)
2020-02-17 12:01:03 [http-nio-8080-exec-8] INFO  j.c.n.d.s.i.EmployeeInfoServiceImpl  : getEmployeeInfoList Start!
2020-02-17 12:01:03 [http-nio-8080-exec-8] ERROR o.a.c.c.C.[.[.[.[dispatcherServlet]  : Servlet.service() for servlet [dispatcherServlet] in context with path [] threw exception [Request processing failed; nested exception is org.springframework.jdbc.BadSqlGrammarException: 
### Error querying database.  Cause: org.postgresql.util.PSQLException: ERROR: 列"join_date"は存在しません
  ヒント: 列"employee_info.joindate"を参照しようとしていたようです。
  位置: 42
### The error may exist in jp/co/nttdmse/domain/repository/EmployeeInfoMapper.xml
### The error may involve jp.co.nttdmse.domain.repository.EmployeeInfoMapper.selectByExample-Inline
### The error occurred while setting parameters
### SQL: select                      manno, name, join_date, sex, enrollment_type, time_saving         from employee_info                         WHERE (  join_date between ? and ? )                        order by manno DESC
### Cause: org.postgresql.util.PSQLException: ERROR: 列"join_date"は存在しません
  ヒント: 列"employee_info.joindate"を参照しようとしていたようです。
  位置: 42
; bad SQL grammar []; nested exception is org.postgresql.util.PSQLException: ERROR: 列"join_date"は存在しません
  ヒント: 列"employee_info.joindate"を参照しようとしていたようです。
  位置: 42] with root cause
org.postgresql.util.PSQLException: ERROR: 列"join_date"は存在しません
  ヒント: 列"employee_info.joindate"を参照しようとしていたようです。
  位置: 42
	at org.postgresql.core.v3.QueryExecutorImpl.receiveErrorResponse(QueryExecutorImpl.java:2497)
	at org.postgresql.core.v3.QueryExecutorImpl.processResults(QueryExecutorImpl.java:2233)
	at org.postgresql.core.v3.QueryExecutorImpl.execute(QueryExecutorImpl.java:310)
	at org.postgresql.jdbc.PgStatement.executeInternal(PgStatement.java:446)
	at org.postgresql.jdbc.PgStatement.execute(PgStatement.java:370)
	at org.postgresql.jdbc.PgPreparedStatement.executeWithFlags(PgPreparedStatement.java:149)
	at org.postgresql.jdbc.PgPreparedStatement.execute(PgPreparedStatement.java:138)
	at com.zaxxer.hikari.pool.ProxyPreparedStatement.execute(ProxyPreparedStatement.java:44)
	at com.zaxxer.hikari.pool.HikariProxyPreparedStatement.execute(HikariProxyPreparedStatement.java)
	at org.apache.ibatis.executor.statement.PreparedStatementHandler.query(PreparedStatementHandler.java:64)
	at org.apache.ibatis.executor.statement.RoutingStatementHandler.query(RoutingStatementHandler.java:79)
	at org.apache.ibatis.executor.SimpleExecutor.doQuery(SimpleExecutor.java:63)
	at org.apache.ibatis.executor.BaseExecutor.queryFromDatabase(BaseExecutor.java:324)
	at org.apache.ibatis.executor.BaseExecutor.query(BaseExecutor.java:156)
	at org.apache.ibatis.executor.CachingExecutor.query(CachingExecutor.java:109)
	at org.apache.ibatis.executor.CachingExecutor.query(CachingExecutor.java:83)
	at org.apache.ibatis.session.defaults.DefaultSqlSession.selectList(DefaultSqlSession.java:147)
	at org.apache.ibatis.session.defaults.DefaultSqlSession.selectList(DefaultSqlSession.java:140)
	at java.base/jdk.internal.reflect.NativeMethodAccessorImpl.invoke0(Native Method)
	at java.base/jdk.internal.reflect.NativeMethodAccessorImpl.invoke(NativeMethodAccessorImpl.java:62)
	at java.base/jdk.internal.reflect.DelegatingMethodAccessorImpl.invoke(DelegatingMethodAccessorImpl.java:43)
	at java.base/java.lang.reflect.Method.invoke(Method.java:566)
	at org.mybatis.spring.SqlSessionTemplate$SqlSessionInterceptor.invoke(SqlSessionTemplate.java:426)
	at com.sun.proxy.$Proxy63.selectList(Unknown Source)
	at org.mybatis.spring.SqlSessionTemplate.selectList(SqlSessionTemplate.java:223)
	at org.apache.ibatis.binding.MapperMethod.executeForMany(MapperMethod.java:147)
	at org.apache.ibatis.binding.MapperMethod.execute(MapperMethod.java:80)
	at org.apache.ibatis.binding.MapperProxy.invoke(MapperProxy.java:93)
	at com.sun.proxy.$Proxy65.selectByExample(Unknown Source)
	at jp.co.nttdmse.domain.service.impl.EmployeeInfoServiceImpl.getEmployeeInfoList(EmployeeInfoServiceImpl.java:49)
	at jp.co.nttdmse.app.controller.EmployeeInfoController.init(EmployeeInfoController.java:40)
	at java.base/jdk.internal.reflect.NativeMethodAccessorImpl.invoke0(Native Method)
	at java.base/jdk.internal.reflect.NativeMethodAccessorImpl.invoke(NativeMethodAccessorImpl.java:62)
	at java.base/jdk.internal.reflect.DelegatingMethodAccessorImpl.invoke(DelegatingMethodAccessorImpl.java:43)
	at java.base/java.lang.reflect.Method.invoke(Method.java:566)
	at org.springframework.web.method.support.InvocableHandlerMethod.doInvoke(InvocableHandlerMethod.java:190)
	at org.springframework.web.method.support.InvocableHandlerMethod.invokeForRequest(InvocableHandlerMethod.java:138)
	at org.springframework.web.servlet.mvc.method.annotation.ServletInvocableHandlerMethod.invokeAndHandle(ServletInvocableHandlerMethod.java:106)
	at org.springframework.web.servlet.mvc.method.annotation.RequestMappingHandlerAdapter.invokeHandlerMethod(RequestMappingHandlerAdapter.java:888)
	at org.springframework.web.servlet.mvc.method.annotation.RequestMappingHandlerAdapter.handleInternal(RequestMappingHandlerAdapter.java:793)
	at org.springframework.web.servlet.mvc.method.AbstractHandlerMethodAdapter.handle(AbstractHandlerMethodAdapter.java:87)
	at org.springframework.web.servlet.DispatcherServlet.doDispatch(DispatcherServlet.java:1040)
	at org.springframework.web.servlet.DispatcherServlet.doService(DispatcherServlet.java:943)
	at org.springframework.web.servlet.FrameworkServlet.processRequest(FrameworkServlet.java:1006)
	at org.springframework.web.servlet.FrameworkServlet.doGet(FrameworkServlet.java:898)
	at javax.servlet.http.HttpServlet.service(HttpServlet.java:634)
	at org.springframework.web.servlet.FrameworkServlet.service(FrameworkServlet.java:883)
	at javax.servlet.http.HttpServlet.service(HttpServlet.java:741)
	at org.apache.catalina.core.ApplicationFilterChain.internalDoFilter(ApplicationFilterChain.java:231)
	at org.apache.catalina.core.ApplicationFilterChain.doFilter(ApplicationFilterChain.java:166)
	at org.apache.tomcat.websocket.server.WsFilter.doFilter(WsFilter.java:53)
	at org.apache.catalina.core.ApplicationFilterChain.internalDoFilter(ApplicationFilterChain.java:193)
	at org.apache.catalina.core.ApplicationFilterChain.doFilter(ApplicationFilterChain.java:166)
	at org.springframework.web.filter.RequestContextFilter.doFilterInternal(RequestContextFilter.java:100)
	at org.springframework.web.filter.OncePerRequestFilter.doFilter(OncePerRequestFilter.java:119)
	at org.apache.catalina.core.ApplicationFilterChain.internalDoFilter(ApplicationFilterChain.java:193)
	at org.apache.catalina.core.ApplicationFilterChain.doFilter(ApplicationFilterChain.java:166)
	at org.springframework.web.filter.FormContentFilter.doFilterInternal(FormContentFilter.java:93)
	at org.springframework.web.filter.OncePerRequestFilter.doFilter(OncePerRequestFilter.java:119)
	at org.apache.catalina.core.ApplicationFilterChain.internalDoFilter(ApplicationFilterChain.java:193)
	at org.apache.catalina.core.ApplicationFilterChain.doFilter(ApplicationFilterChain.java:166)
	at org.springframework.web.filter.CharacterEncodingFilter.doFilterInternal(CharacterEncodingFilter.java:201)
	at org.springframework.web.filter.OncePerRequestFilter.doFilter(OncePerRequestFilter.java:119)
	at org.apache.catalina.core.ApplicationFilterChain.internalDoFilter(ApplicationFilterChain.java:193)
	at org.apache.catalina.core.ApplicationFilterChain.doFilter(ApplicationFilterChain.java:166)
	at org.apache.catalina.core.StandardWrapperValve.invoke(StandardWrapperValve.java:202)
	at org.apache.catalina.core.StandardContextValve.invoke(StandardContextValve.java:96)
	at org.apache.catalina.authenticator.AuthenticatorBase.invoke(AuthenticatorBase.java:526)
	at org.apache.catalina.core.StandardHostValve.invoke(StandardHostValve.java:139)
	at org.apache.catalina.valves.ErrorReportValve.invoke(ErrorReportValve.java:92)
	at org.apache.catalina.core.StandardEngineValve.invoke(StandardEngineValve.java:74)
	at org.apache.catalina.connector.CoyoteAdapter.service(CoyoteAdapter.java:343)
	at org.apache.coyote.http11.Http11Processor.service(Http11Processor.java:367)
	at org.apache.coyote.AbstractProcessorLight.process(AbstractProcessorLight.java:65)
	at org.apache.coyote.AbstractProtocol$ConnectionHandler.process(AbstractProtocol.java:860)
	at org.apache.tomcat.util.net.NioEndpoint$SocketProcessor.doRun(NioEndpoint.java:1591)
	at org.apache.tomcat.util.net.SocketProcessorBase.run(SocketProcessorBase.java:49)
	at java.base/java.util.concurrent.ThreadPoolExecutor.runWorker(ThreadPoolExecutor.java:1128)
	at java.base/java.util.concurrent.ThreadPoolExecutor$Worker.run(ThreadPoolExecutor.java:628)
	at org.apache.tomcat.util.threads.TaskThread$WrappingRunnable.run(TaskThread.java:61)
	at java.base/java.lang.Thread.run(Thread.java:834)
2020-02-17 12:02:07 [http-nio-8080-exec-10] INFO  j.c.n.d.s.i.EmployeeInfoServiceImpl  : getEmployeeInfoList Start!
2020-02-17 12:02:07 [http-nio-8080-exec-10] ERROR o.a.c.c.C.[.[.[.[dispatcherServlet]  : Servlet.service() for servlet [dispatcherServlet] in context with path [] threw exception [Request processing failed; nested exception is org.springframework.jdbc.BadSqlGrammarException: 
### Error querying database.  Cause: org.postgresql.util.PSQLException: ERROR: 列"enrollment_type"は存在しません
  ヒント: 列"employee_info.enrollmenttype"を参照しようとしていたようです。
  位置: 58
### The error may exist in jp/co/nttdmse/domain/repository/EmployeeInfoMapper.xml
### The error may involve jp.co.nttdmse.domain.repository.EmployeeInfoMapper.selectByExample-Inline
### The error occurred while setting parameters
### SQL: select                      manno, name, join_date, sex, enrollment_type, time_saving         from employee_info                         WHERE (  join_date between ? and ? )                        order by manno DESC
### Cause: org.postgresql.util.PSQLException: ERROR: 列"enrollment_type"は存在しません
  ヒント: 列"employee_info.enrollmenttype"を参照しようとしていたようです。
  位置: 58
; bad SQL grammar []; nested exception is org.postgresql.util.PSQLException: ERROR: 列"enrollment_type"は存在しません
  ヒント: 列"employee_info.enrollmenttype"を参照しようとしていたようです。
  位置: 58] with root cause
org.postgresql.util.PSQLException: ERROR: 列"enrollment_type"は存在しません
  ヒント: 列"employee_info.enrollmenttype"を参照しようとしていたようです。
  位置: 58
	at org.postgresql.core.v3.QueryExecutorImpl.receiveErrorResponse(QueryExecutorImpl.java:2497)
	at org.postgresql.core.v3.QueryExecutorImpl.processResults(QueryExecutorImpl.java:2233)
	at org.postgresql.core.v3.QueryExecutorImpl.execute(QueryExecutorImpl.java:310)
	at org.postgresql.jdbc.PgStatement.executeInternal(PgStatement.java:446)
	at org.postgresql.jdbc.PgStatement.execute(PgStatement.java:370)
	at org.postgresql.jdbc.PgPreparedStatement.executeWithFlags(PgPreparedStatement.java:149)
	at org.postgresql.jdbc.PgPreparedStatement.execute(PgPreparedStatement.java:138)
	at com.zaxxer.hikari.pool.ProxyPreparedStatement.execute(ProxyPreparedStatement.java:44)
	at com.zaxxer.hikari.pool.HikariProxyPreparedStatement.execute(HikariProxyPreparedStatement.java)
	at org.apache.ibatis.executor.statement.PreparedStatementHandler.query(PreparedStatementHandler.java:64)
	at org.apache.ibatis.executor.statement.RoutingStatementHandler.query(RoutingStatementHandler.java:79)
	at org.apache.ibatis.executor.SimpleExecutor.doQuery(SimpleExecutor.java:63)
	at org.apache.ibatis.executor.BaseExecutor.queryFromDatabase(BaseExecutor.java:324)
	at org.apache.ibatis.executor.BaseExecutor.query(BaseExecutor.java:156)
	at org.apache.ibatis.executor.CachingExecutor.query(CachingExecutor.java:109)
	at org.apache.ibatis.executor.CachingExecutor.query(CachingExecutor.java:83)
	at org.apache.ibatis.session.defaults.DefaultSqlSession.selectList(DefaultSqlSession.java:147)
	at org.apache.ibatis.session.defaults.DefaultSqlSession.selectList(DefaultSqlSession.java:140)
	at java.base/jdk.internal.reflect.NativeMethodAccessorImpl.invoke0(Native Method)
	at java.base/jdk.internal.reflect.NativeMethodAccessorImpl.invoke(NativeMethodAccessorImpl.java:62)
	at java.base/jdk.internal.reflect.DelegatingMethodAccessorImpl.invoke(DelegatingMethodAccessorImpl.java:43)
	at java.base/java.lang.reflect.Method.invoke(Method.java:566)
	at org.mybatis.spring.SqlSessionTemplate$SqlSessionInterceptor.invoke(SqlSessionTemplate.java:426)
	at com.sun.proxy.$Proxy63.selectList(Unknown Source)
	at org.mybatis.spring.SqlSessionTemplate.selectList(SqlSessionTemplate.java:223)
	at org.apache.ibatis.binding.MapperMethod.executeForMany(MapperMethod.java:147)
	at org.apache.ibatis.binding.MapperMethod.execute(MapperMethod.java:80)
	at org.apache.ibatis.binding.MapperProxy.invoke(MapperProxy.java:93)
	at com.sun.proxy.$Proxy65.selectByExample(Unknown Source)
	at jp.co.nttdmse.domain.service.impl.EmployeeInfoServiceImpl.getEmployeeInfoList(EmployeeInfoServiceImpl.java:49)
	at jp.co.nttdmse.app.controller.EmployeeInfoController.init(EmployeeInfoController.java:40)
	at java.base/jdk.internal.reflect.NativeMethodAccessorImpl.invoke0(Native Method)
	at java.base/jdk.internal.reflect.NativeMethodAccessorImpl.invoke(NativeMethodAccessorImpl.java:62)
	at java.base/jdk.internal.reflect.DelegatingMethodAccessorImpl.invoke(DelegatingMethodAccessorImpl.java:43)
	at java.base/java.lang.reflect.Method.invoke(Method.java:566)
	at org.springframework.web.method.support.InvocableHandlerMethod.doInvoke(InvocableHandlerMethod.java:190)
	at org.springframework.web.method.support.InvocableHandlerMethod.invokeForRequest(InvocableHandlerMethod.java:138)
	at org.springframework.web.servlet.mvc.method.annotation.ServletInvocableHandlerMethod.invokeAndHandle(ServletInvocableHandlerMethod.java:106)
	at org.springframework.web.servlet.mvc.method.annotation.RequestMappingHandlerAdapter.invokeHandlerMethod(RequestMappingHandlerAdapter.java:888)
	at org.springframework.web.servlet.mvc.method.annotation.RequestMappingHandlerAdapter.handleInternal(RequestMappingHandlerAdapter.java:793)
	at org.springframework.web.servlet.mvc.method.AbstractHandlerMethodAdapter.handle(AbstractHandlerMethodAdapter.java:87)
	at org.springframework.web.servlet.DispatcherServlet.doDispatch(DispatcherServlet.java:1040)
	at org.springframework.web.servlet.DispatcherServlet.doService(DispatcherServlet.java:943)
	at org.springframework.web.servlet.FrameworkServlet.processRequest(FrameworkServlet.java:1006)
	at org.springframework.web.servlet.FrameworkServlet.doGet(FrameworkServlet.java:898)
	at javax.servlet.http.HttpServlet.service(HttpServlet.java:634)
	at org.springframework.web.servlet.FrameworkServlet.service(FrameworkServlet.java:883)
	at javax.servlet.http.HttpServlet.service(HttpServlet.java:741)
	at org.apache.catalina.core.ApplicationFilterChain.internalDoFilter(ApplicationFilterChain.java:231)
	at org.apache.catalina.core.ApplicationFilterChain.doFilter(ApplicationFilterChain.java:166)
	at org.apache.tomcat.websocket.server.WsFilter.doFilter(WsFilter.java:53)
	at org.apache.catalina.core.ApplicationFilterChain.internalDoFilter(ApplicationFilterChain.java:193)
	at org.apache.catalina.core.ApplicationFilterChain.doFilter(ApplicationFilterChain.java:166)
	at org.springframework.web.filter.RequestContextFilter.doFilterInternal(RequestContextFilter.java:100)
	at org.springframework.web.filter.OncePerRequestFilter.doFilter(OncePerRequestFilter.java:119)
	at org.apache.catalina.core.ApplicationFilterChain.internalDoFilter(ApplicationFilterChain.java:193)
	at org.apache.catalina.core.ApplicationFilterChain.doFilter(ApplicationFilterChain.java:166)
	at org.springframework.web.filter.FormContentFilter.doFilterInternal(FormContentFilter.java:93)
	at org.springframework.web.filter.OncePerRequestFilter.doFilter(OncePerRequestFilter.java:119)
	at org.apache.catalina.core.ApplicationFilterChain.internalDoFilter(ApplicationFilterChain.java:193)
	at org.apache.catalina.core.ApplicationFilterChain.doFilter(ApplicationFilterChain.java:166)
	at org.springframework.web.filter.CharacterEncodingFilter.doFilterInternal(CharacterEncodingFilter.java:201)
	at org.springframework.web.filter.OncePerRequestFilter.doFilter(OncePerRequestFilter.java:119)
	at org.apache.catalina.core.ApplicationFilterChain.internalDoFilter(ApplicationFilterChain.java:193)
	at org.apache.catalina.core.ApplicationFilterChain.doFilter(ApplicationFilterChain.java:166)
	at org.apache.catalina.core.StandardWrapperValve.invoke(StandardWrapperValve.java:202)
	at org.apache.catalina.core.StandardContextValve.invoke(StandardContextValve.java:96)
	at org.apache.catalina.authenticator.AuthenticatorBase.invoke(AuthenticatorBase.java:526)
	at org.apache.catalina.core.StandardHostValve.invoke(StandardHostValve.java:139)
	at org.apache.catalina.valves.ErrorReportValve.invoke(ErrorReportValve.java:92)
	at org.apache.catalina.core.StandardEngineValve.invoke(StandardEngineValve.java:74)
	at org.apache.catalina.connector.CoyoteAdapter.service(CoyoteAdapter.java:343)
	at org.apache.coyote.http11.Http11Processor.service(Http11Processor.java:367)
	at org.apache.coyote.AbstractProcessorLight.process(AbstractProcessorLight.java:65)
	at org.apache.coyote.AbstractProtocol$ConnectionHandler.process(AbstractProtocol.java:860)
	at org.apache.tomcat.util.net.NioEndpoint$SocketProcessor.doRun(NioEndpoint.java:1591)
	at org.apache.tomcat.util.net.SocketProcessorBase.run(SocketProcessorBase.java:49)
	at java.base/java.util.concurrent.ThreadPoolExecutor.runWorker(ThreadPoolExecutor.java:1128)
	at java.base/java.util.concurrent.ThreadPoolExecutor$Worker.run(ThreadPoolExecutor.java:628)
	at org.apache.tomcat.util.threads.TaskThread$WrappingRunnable.run(TaskThread.java:61)
	at java.base/java.lang.Thread.run(Thread.java:834)
2020-02-17 12:02:22 [http-nio-8080-exec-2] INFO  j.c.n.d.s.i.EmployeeInfoServiceImpl  : getEmployeeInfoList Start!
2020-02-17 12:02:22 [http-nio-8080-exec-2] ERROR o.a.c.c.C.[.[.[.[dispatcherServlet]  : Servlet.service() for servlet [dispatcherServlet] in context with path [] threw exception [Request processing failed; nested exception is org.springframework.jdbc.BadSqlGrammarException: 
### Error querying database.  Cause: org.postgresql.util.PSQLException: ERROR: 列"time_saving"は存在しません
  ヒント: 列"employee_info.timesaving"を参照しようとしていたようです。
  位置: 75
### The error may exist in jp/co/nttdmse/domain/repository/EmployeeInfoMapper.xml
### The error may involve jp.co.nttdmse.domain.repository.EmployeeInfoMapper.selectByExample-Inline
### The error occurred while setting parameters
### SQL: select                      manno, name, join_date, sex, enrollment_type, time_saving         from employee_info                         WHERE (  join_date between ? and ? )                        order by manno DESC
### Cause: org.postgresql.util.PSQLException: ERROR: 列"time_saving"は存在しません
  ヒント: 列"employee_info.timesaving"を参照しようとしていたようです。
  位置: 75
; bad SQL grammar []; nested exception is org.postgresql.util.PSQLException: ERROR: 列"time_saving"は存在しません
  ヒント: 列"employee_info.timesaving"を参照しようとしていたようです。
  位置: 75] with root cause
org.postgresql.util.PSQLException: ERROR: 列"time_saving"は存在しません
  ヒント: 列"employee_info.timesaving"を参照しようとしていたようです。
  位置: 75
	at org.postgresql.core.v3.QueryExecutorImpl.receiveErrorResponse(QueryExecutorImpl.java:2497)
	at org.postgresql.core.v3.QueryExecutorImpl.processResults(QueryExecutorImpl.java:2233)
	at org.postgresql.core.v3.QueryExecutorImpl.execute(QueryExecutorImpl.java:310)
	at org.postgresql.jdbc.PgStatement.executeInternal(PgStatement.java:446)
	at org.postgresql.jdbc.PgStatement.execute(PgStatement.java:370)
	at org.postgresql.jdbc.PgPreparedStatement.executeWithFlags(PgPreparedStatement.java:149)
	at org.postgresql.jdbc.PgPreparedStatement.execute(PgPreparedStatement.java:138)
	at com.zaxxer.hikari.pool.ProxyPreparedStatement.execute(ProxyPreparedStatement.java:44)
	at com.zaxxer.hikari.pool.HikariProxyPreparedStatement.execute(HikariProxyPreparedStatement.java)
	at org.apache.ibatis.executor.statement.PreparedStatementHandler.query(PreparedStatementHandler.java:64)
	at org.apache.ibatis.executor.statement.RoutingStatementHandler.query(RoutingStatementHandler.java:79)
	at org.apache.ibatis.executor.SimpleExecutor.doQuery(SimpleExecutor.java:63)
	at org.apache.ibatis.executor.BaseExecutor.queryFromDatabase(BaseExecutor.java:324)
	at org.apache.ibatis.executor.BaseExecutor.query(BaseExecutor.java:156)
	at org.apache.ibatis.executor.CachingExecutor.query(CachingExecutor.java:109)
	at org.apache.ibatis.executor.CachingExecutor.query(CachingExecutor.java:83)
	at org.apache.ibatis.session.defaults.DefaultSqlSession.selectList(DefaultSqlSession.java:147)
	at org.apache.ibatis.session.defaults.DefaultSqlSession.selectList(DefaultSqlSession.java:140)
	at java.base/jdk.internal.reflect.NativeMethodAccessorImpl.invoke0(Native Method)
	at java.base/jdk.internal.reflect.NativeMethodAccessorImpl.invoke(NativeMethodAccessorImpl.java:62)
	at java.base/jdk.internal.reflect.DelegatingMethodAccessorImpl.invoke(DelegatingMethodAccessorImpl.java:43)
	at java.base/java.lang.reflect.Method.invoke(Method.java:566)
	at org.mybatis.spring.SqlSessionTemplate$SqlSessionInterceptor.invoke(SqlSessionTemplate.java:426)
	at com.sun.proxy.$Proxy63.selectList(Unknown Source)
	at org.mybatis.spring.SqlSessionTemplate.selectList(SqlSessionTemplate.java:223)
	at org.apache.ibatis.binding.MapperMethod.executeForMany(MapperMethod.java:147)
	at org.apache.ibatis.binding.MapperMethod.execute(MapperMethod.java:80)
	at org.apache.ibatis.binding.MapperProxy.invoke(MapperProxy.java:93)
	at com.sun.proxy.$Proxy65.selectByExample(Unknown Source)
	at jp.co.nttdmse.domain.service.impl.EmployeeInfoServiceImpl.getEmployeeInfoList(EmployeeInfoServiceImpl.java:49)
	at jp.co.nttdmse.app.controller.EmployeeInfoController.init(EmployeeInfoController.java:40)
	at java.base/jdk.internal.reflect.NativeMethodAccessorImpl.invoke0(Native Method)
	at java.base/jdk.internal.reflect.NativeMethodAccessorImpl.invoke(NativeMethodAccessorImpl.java:62)
	at java.base/jdk.internal.reflect.DelegatingMethodAccessorImpl.invoke(DelegatingMethodAccessorImpl.java:43)
	at java.base/java.lang.reflect.Method.invoke(Method.java:566)
	at org.springframework.web.method.support.InvocableHandlerMethod.doInvoke(InvocableHandlerMethod.java:190)
	at org.springframework.web.method.support.InvocableHandlerMethod.invokeForRequest(InvocableHandlerMethod.java:138)
	at org.springframework.web.servlet.mvc.method.annotation.ServletInvocableHandlerMethod.invokeAndHandle(ServletInvocableHandlerMethod.java:106)
	at org.springframework.web.servlet.mvc.method.annotation.RequestMappingHandlerAdapter.invokeHandlerMethod(RequestMappingHandlerAdapter.java:888)
	at org.springframework.web.servlet.mvc.method.annotation.RequestMappingHandlerAdapter.handleInternal(RequestMappingHandlerAdapter.java:793)
	at org.springframework.web.servlet.mvc.method.AbstractHandlerMethodAdapter.handle(AbstractHandlerMethodAdapter.java:87)
	at org.springframework.web.servlet.DispatcherServlet.doDispatch(DispatcherServlet.java:1040)
	at org.springframework.web.servlet.DispatcherServlet.doService(DispatcherServlet.java:943)
	at org.springframework.web.servlet.FrameworkServlet.processRequest(FrameworkServlet.java:1006)
	at org.springframework.web.servlet.FrameworkServlet.doGet(FrameworkServlet.java:898)
	at javax.servlet.http.HttpServlet.service(HttpServlet.java:634)
	at org.springframework.web.servlet.FrameworkServlet.service(FrameworkServlet.java:883)
	at javax.servlet.http.HttpServlet.service(HttpServlet.java:741)
	at org.apache.catalina.core.ApplicationFilterChain.internalDoFilter(ApplicationFilterChain.java:231)
	at org.apache.catalina.core.ApplicationFilterChain.doFilter(ApplicationFilterChain.java:166)
	at org.apache.tomcat.websocket.server.WsFilter.doFilter(WsFilter.java:53)
	at org.apache.catalina.core.ApplicationFilterChain.internalDoFilter(ApplicationFilterChain.java:193)
	at org.apache.catalina.core.ApplicationFilterChain.doFilter(ApplicationFilterChain.java:166)
	at org.springframework.web.filter.RequestContextFilter.doFilterInternal(RequestContextFilter.java:100)
	at org.springframework.web.filter.OncePerRequestFilter.doFilter(OncePerRequestFilter.java:119)
	at org.apache.catalina.core.ApplicationFilterChain.internalDoFilter(ApplicationFilterChain.java:193)
	at org.apache.catalina.core.ApplicationFilterChain.doFilter(ApplicationFilterChain.java:166)
	at org.springframework.web.filter.FormContentFilter.doFilterInternal(FormContentFilter.java:93)
	at org.springframework.web.filter.OncePerRequestFilter.doFilter(OncePerRequestFilter.java:119)
	at org.apache.catalina.core.ApplicationFilterChain.internalDoFilter(ApplicationFilterChain.java:193)
	at org.apache.catalina.core.ApplicationFilterChain.doFilter(ApplicationFilterChain.java:166)
	at org.springframework.web.filter.CharacterEncodingFilter.doFilterInternal(CharacterEncodingFilter.java:201)
	at org.springframework.web.filter.OncePerRequestFilter.doFilter(OncePerRequestFilter.java:119)
	at org.apache.catalina.core.ApplicationFilterChain.internalDoFilter(ApplicationFilterChain.java:193)
	at org.apache.catalina.core.ApplicationFilterChain.doFilter(ApplicationFilterChain.java:166)
	at org.apache.catalina.core.StandardWrapperValve.invoke(StandardWrapperValve.java:202)
	at org.apache.catalina.core.StandardContextValve.invoke(StandardContextValve.java:96)
	at org.apache.catalina.authenticator.AuthenticatorBase.invoke(AuthenticatorBase.java:526)
	at org.apache.catalina.core.StandardHostValve.invoke(StandardHostValve.java:139)
	at org.apache.catalina.valves.ErrorReportValve.invoke(ErrorReportValve.java:92)
	at org.apache.catalina.core.StandardEngineValve.invoke(StandardEngineValve.java:74)
	at org.apache.catalina.connector.CoyoteAdapter.service(CoyoteAdapter.java:343)
	at org.apache.coyote.http11.Http11Processor.service(Http11Processor.java:367)
	at org.apache.coyote.AbstractProcessorLight.process(AbstractProcessorLight.java:65)
	at org.apache.coyote.AbstractProtocol$ConnectionHandler.process(AbstractProtocol.java:860)
	at org.apache.tomcat.util.net.NioEndpoint$SocketProcessor.doRun(NioEndpoint.java:1591)
	at org.apache.tomcat.util.net.SocketProcessorBase.run(SocketProcessorBase.java:49)
	at java.base/java.util.concurrent.ThreadPoolExecutor.runWorker(ThreadPoolExecutor.java:1128)
	at java.base/java.util.concurrent.ThreadPoolExecutor$Worker.run(ThreadPoolExecutor.java:628)
	at org.apache.tomcat.util.threads.TaskThread$WrappingRunnable.run(TaskThread.java:61)
	at java.base/java.lang.Thread.run(Thread.java:834)
2020-02-17 12:02:33 [http-nio-8080-exec-4] INFO  j.c.n.d.s.i.EmployeeInfoServiceImpl  : getEmployeeInfoList Start!
2020-02-17 12:16:36 [http-nio-8080-exec-6] INFO  j.c.n.d.s.i.EmployeeInfoServiceImpl  : createEmployeeInfo start!
2020-02-17 12:16:53 [http-nio-8080-exec-9] INFO  j.c.n.d.s.i.EmployeeInfoServiceImpl  : createEmployeeInfo start!
2020-02-17 12:17:44 [http-nio-8080-exec-2] INFO  j.c.n.d.s.i.EmployeeInfoServiceImpl  : createEmployeeInfo start!
2020-02-17 12:17:44 [http-nio-8080-exec-2] INFO  j.c.n.d.s.i.EmployeeInfoServiceImpl  : getEmployeeInfoList Start!
2020-02-17 12:17:48 [http-nio-8080-exec-4] INFO  j.c.n.d.s.i.EmployeeInfoServiceImpl  : getEmployeeInfoList Start!
2020-02-17 12:17:49 [http-nio-8080-exec-6] INFO  j.c.n.d.s.i.EmployeeInfoServiceImpl  : getEmployeeInfoList Start!
2020-02-17 12:17:51 [http-nio-8080-exec-8] INFO  j.c.n.d.s.i.EmployeeInfoServiceImpl  : getEmployeeInfoList Start!
2020-02-17 12:19:11 [http-nio-8080-exec-6] INFO  j.c.n.d.s.i.EmployeeInfoServiceImpl  : createEmployeeInfo start!
2020-02-17 12:19:32 [http-nio-8080-exec-9] INFO  j.c.n.d.s.i.EmployeeInfoServiceImpl  : createEmployeeInfo start!
2020-02-17 12:19:32 [http-nio-8080-exec-9] INFO  j.c.n.d.s.i.EmployeeInfoServiceImpl  : getEmployeeInfoList Start!
2020-02-17 12:19:34 [http-nio-8080-exec-1] INFO  j.c.n.d.s.i.EmployeeInfoServiceImpl  : getEmployeeInfoList Start!
2020-02-17 12:19:36 [http-nio-8080-exec-3] INFO  j.c.n.d.s.i.EmployeeInfoServiceImpl  : getEmployeeInfoList Start!
2020-02-17 12:19:38 [http-nio-8080-exec-5] INFO  j.c.n.d.s.i.EmployeeInfoServiceImpl  : getEmployeeInfoList Start!
2020-02-17 12:20:51 [http-nio-8080-exec-1] INFO  j.c.n.d.s.i.EmployeeInfoServiceImpl  : getEmployeeInfoList Start!
2020-02-17 12:20:57 [http-nio-8080-exec-3] INFO  j.c.n.d.s.i.EmployeeInfoServiceImpl  : getEmployeeInfoList Start!
2020-02-17 12:21:00 [http-nio-8080-exec-5] INFO  j.c.n.d.s.i.EmployeeInfoServiceImpl  : getEmployeeInfoList Start!
2020-02-17 12:21:07 [http-nio-8080-exec-10] INFO  j.c.n.d.s.i.EmployeeInfoServiceImpl  : getEmployeeInfoList Start!
2020-02-17 12:21:30 [http-nio-8080-exec-3] INFO  j.c.n.d.s.i.EmployeeInfoServiceImpl  : getEmployeeInfoList Start!
2020-02-17 13:15:18 [RMI TCP Connection(5)-127.0.0.1] INFO  o.s.b.a.SpringApplicationAdminMXBeanRegistrar$SpringApplicationAdmin : Application shutdown requested.
2020-02-17 13:15:18 [RMI TCP Connection(5)-127.0.0.1] INFO  o.s.s.c.ThreadPoolTaskExecutor       : Shutting down ExecutorService 'applicationTaskExecutor'
2020-02-17 13:15:18 [RMI TCP Connection(5)-127.0.0.1] INFO  com.zaxxer.hikari.HikariDataSource   : HikariPool-1 - Shutdown initiated...
2020-02-17 13:15:18 [RMI TCP Connection(5)-127.0.0.1] INFO  com.zaxxer.hikari.HikariDataSource   : HikariPool-1 - Shutdown completed.
